[main] INFO  employeedb.Helloworld  - deleting employee
[main] WARN  employeedb.Helloworld  - inserting employee
[main] INFO  employeedb.Helloworld  - insert into employee values(0,'name0',30)
[main] INFO  employeedb.Helloworld  - insert into employee values(1,'name1',31)
[main] INFO  employeedb.Helloworld  - insert into employee values(2,'name2',32)
[main] INFO  employeedb.Helloworld  - selecting employee
[main] INFO  employeedb.Helloworld  - 0 name0 30
[main] INFO  employeedb.Helloworld  - 1 name1 31
[main] INFO  employeedb.Helloworld  - 2 name2 32
[main] INFO  employeedb.Helloworld  - deleting employee
[main] WARN  employeedb.Helloworld  - inserting employee
[main] INFO  employeedb.Helloworld  - insert into employee values(0,'name0',30)
[main] INFO  employeedb.Helloworld  - insert into employee values(1,'name1',31)
[main] INFO  employeedb.Helloworld  - insert into employee values(2,'name2',32)
[main] INFO  employeedb.Helloworld  - selecting employee
[main] INFO  employeedb.Helloworld  - 0 name0 30
[main] INFO  employeedb.Helloworld  - 1 name1 31
[main] INFO  employeedb.Helloworld  - 2 name2 32
[main] INFO  employeedb.Helloworld  - deleting employee
[main] WARN  employeedb.Helloworld  - inserting employee
[main] INFO  employeedb.Helloworld  - insert into employee values(0,'name0',30)
[main] INFO  employeedb.Helloworld  - insert into employee values(1,'name1',31)
[main] INFO  employeedb.Helloworld  - insert into employee values(2,'name2',32)
[main] INFO  employeedb.Helloworld  - selecting employee
[main] INFO  employeedb.Helloworld  - 0 name0 30
[main] INFO  employeedb.Helloworld  - 1 name1 31
[main] INFO  employeedb.Helloworld  - 2 name2 32
[main] INFO  employeedb.EmployeeApi  - deleting employee
[main] WARN  employeedb.EmployeeApi  - inserting employee
[main] INFO  employeedb.EmployeeApi  - insert into employee values(0,'name0',30)
[main] INFO  employeedb.EmployeeApi  - insert into employee values(1,'name1',31)
[main] INFO  employeedb.EmployeeApi  - insert into employee values(2,'name2',32)
[main] INFO  employeedb.EmployeeApi  - selecting employee
[main] INFO  employeedb.EmployeeApi  - 0 name0 30
[main] INFO  employeedb.EmployeeApi  - 1 name1 31
[main] INFO  employeedb.EmployeeApi  - 2 name2 32
[main] INFO  employeedb.EmployeeApi  - deleting employee
[main] WARN  employeedb.EmployeeApi  - inserting employee
[main] INFO  employeedb.EmployeeApi  - insert into employee values(0,'name0',30)
[main] INFO  employeedb.EmployeeApi  - insert into employee values(1,'name1',31)
[main] INFO  employeedb.EmployeeApi  - insert into employee values(2,'name2',32)
[main] INFO  employeedb.EmployeeApi  - selecting employee
[main] INFO  employeedb.EmployeeApi  - 0 name0 30
[main] INFO  employeedb.EmployeeApi  - 1 name1 31
[main] INFO  employeedb.EmployeeApi  - 2 name2 32
[main] INFO  employeedb.EmployeeApi  - deleting employee
[main] WARN  employeedb.EmployeeApi  - inserting employee
[main] INFO  employeedb.EmployeeApi  - insert into employee values(0,'name0',30)
[main] INFO  employeedb.EmployeeApi  - insert into employee values(1,'name1',31)
[main] INFO  employeedb.EmployeeApi  - insert into employee values(2,'name2',32)
[main] INFO  employeedb.EmployeeApi  - selecting employee
[main] INFO  employeedb.EmployeeApi  - deleting employee
[main] WARN  employeedb.EmployeeApi  - inserting employee
[main] INFO  employeedb.EmployeeApi  - insert into employee values(0,'name0',30)
[main] INFO  employeedb.EmployeeApi  - insert into employee values(1,'name1',31)
[main] INFO  employeedb.EmployeeApi  - insert into employee values(2,'name2',32)
[main] INFO  employeedb.EmployeeApi  - selecting employee
[main] INFO  employeedb.EmployeeApi  - deleting employee
[main] WARN  employeedb.EmployeeApi  - inserting employee
[main] INFO  employeedb.EmployeeApi  - insert into employee values(0,'name0',30)
[main] INFO  employeedb.EmployeeApi  - insert into employee values(1,'name1',31)
[main] INFO  employeedb.EmployeeApi  - insert into employee values(2,'name2',32)
[main] INFO  employeedb.EmployeeApi  - selecting employee
[main] INFO  employeedb.EmployeeApi  - deleting employee
[main] WARN  employeedb.EmployeeApi  - inserting employee
[main] INFO  employeedb.EmployeeApi  - insert into employee values(0,'name0',30)
[main] INFO  employeedb.EmployeeApi  - insert into employee values(1,'name1',31)
[main] INFO  employeedb.EmployeeApi  - insert into employee values(2,'name2',32)
[main] INFO  employeedb.EmployeeApi  - selecting employee
[main] INFO  employeedb.EmployeeApi  - deleting employee
[main] WARN  employeedb.EmployeeApi  - inserting employee
[main] INFO  employeedb.EmployeeApi  - insert into employee values(0,'name0',30)
[main] INFO  employeedb.EmployeeApi  - insert into employee values(1,'name1',31)
[main] INFO  employeedb.EmployeeApi  - insert into employee values(2,'name2',32)
[main] INFO  employeedb.EmployeeApi  - selecting employee
[main] INFO  employeedb.EmployeeApi  - deleting employee
[main] WARN  employeedb.EmployeeApi  - inserting employee
[main] INFO  employeedb.EmployeeApi  - insert into employee values(0,'name0',30)
[main] INFO  employeedb.EmployeeApi  - insert into employee values(1,'name1',31)
[main] INFO  employeedb.EmployeeApi  - insert into employee values(2,'name2',32)
[main] INFO  employeedb.EmployeeApi  - selecting employee
[main] INFO  employeedb.EmployeeApi  - deleting employee
[main] WARN  employeedb.EmployeeApi  - inserting employee
[main] INFO  employeedb.EmployeeApi  - insert into employee values(0,'name0',30)
[main] INFO  employeedb.EmployeeApi  - insert into employee values(1,'name1',31)
[main] INFO  employeedb.EmployeeApi  - insert into employee values(2,'name2',32)
[main] INFO  employeedb.EmployeeApi  - selecting employee
[main] INFO  org.hibernate.Version  - HHH000412: Hibernate ORM core version 5.4.26.Final
[main] INFO  org.hibernate.annotations.common.Version  - HCANN000001: Hibernate Commons Annotations {5.1.2.Final}
[main] WARN  org.hibernate.orm.connections.pooling  - HHH10001002: Using Hibernate built-in connection pool (not for production use!)
[main] INFO  org.hibernate.orm.connections.pooling  - HHH10001005: using driver [com.mysql.cj.jdbc.Driver] at URL [jdbc:mysql://localhost:3306/employee]
[main] INFO  org.hibernate.orm.connections.pooling  - HHH10001001: Connection properties: {password=****, user=root}
[main] INFO  org.hibernate.orm.connections.pooling  - HHH10001003: Autocommit mode: false
[main] INFO  org.hibernate.engine.jdbc.connections.internal.DriverManagerConnectionProviderImpl  - HHH000115: Hibernate connection pool size: 20 (min=1)
[main] INFO  org.hibernate.dialect.Dialect  - HHH000400: Using dialect: org.hibernate.dialect.MySQL8Dialect
[main] INFO  org.hibernate.Version  - HHH000412: Hibernate ORM core version 5.4.26.Final
[main] INFO  org.hibernate.annotations.common.Version  - HCANN000001: Hibernate Commons Annotations {5.1.2.Final}
[main] WARN  org.hibernate.orm.connections.pooling  - HHH10001002: Using Hibernate built-in connection pool (not for production use!)
[main] INFO  org.hibernate.orm.connections.pooling  - HHH10001005: using driver [com.mysql.cj.jdbc.Driver] at URL [jdbc:mysql://localhost:3306/employee]
[main] INFO  org.hibernate.orm.connections.pooling  - HHH10001001: Connection properties: {password=****, user=root}
[main] INFO  org.hibernate.orm.connections.pooling  - HHH10001003: Autocommit mode: false
[main] INFO  org.hibernate.engine.jdbc.connections.internal.DriverManagerConnectionProviderImpl  - HHH000115: Hibernate connection pool size: 20 (min=1)
[main] INFO  org.hibernate.dialect.Dialect  - HHH000400: Using dialect: org.hibernate.dialect.MySQL8Dialect
[main] DEBUG org.jboss.logging  - Logging Provider: org.jboss.logging.Log4jLoggerProvider
[main] DEBUG org.hibernate.integrator.internal.IntegratorServiceImpl  - Adding Integrator [org.hibernate.cfg.beanvalidation.BeanValidationIntegrator].
[main] DEBUG org.hibernate.integrator.internal.IntegratorServiceImpl  - Adding Integrator [org.hibernate.secure.spi.JaccIntegrator].
[main] DEBUG org.hibernate.integrator.internal.IntegratorServiceImpl  - Adding Integrator [org.hibernate.cache.internal.CollectionCacheInvalidator].
[main] INFO  org.hibernate.Version  - HHH000412: Hibernate ORM core version 5.4.26.Final
[main] DEBUG org.hibernate.cfg.Environment  - HHH000206: hibernate.properties not found
[main] DEBUG org.hibernate.boot.jaxb.internal.stax.LocalXmlResourceResolver  - Interpreting public/system identifier : [-//Hibernate/Hibernate-configuration DTD 3.0//EN] - [http://www.hibernate.org/dtd/hibernate-configuration-3.0.dtd]
[main] DEBUG org.hibernate.boot.jaxb.internal.stax.LocalXmlResourceResolver  - Recognized hibernate-configuration identifier; attempting to resolve on classpath under org/hibernate/
[main] DEBUG org.hibernate.boot.cfgxml.internal.JaxbCfgProcessor  - cfg.xml document did not define namespaces; wrapping in custom event reader to introduce namespace information
[main] DEBUG org.hibernate.integrator.internal.IntegratorServiceImpl  - Adding Integrator [org.hibernate.cfg.beanvalidation.BeanValidationIntegrator].
[main] DEBUG org.hibernate.integrator.internal.IntegratorServiceImpl  - Adding Integrator [org.hibernate.secure.spi.JaccIntegrator].
[main] DEBUG org.hibernate.integrator.internal.IntegratorServiceImpl  - Adding Integrator [org.hibernate.cache.internal.CollectionCacheInvalidator].
[main] DEBUG org.hibernate.service.spi.ServiceBinding  - Overriding existing service binding [org.hibernate.secure.spi.JaccService]
[main] DEBUG org.hibernate.cfg.Configuration  - Building session factory using provided StandardServiceRegistry
[main] DEBUG org.hibernate.cache.internal.RegionFactoryInitiator  - Cannot default RegionFactory based on registered strategies as `[]` RegionFactory strategies were registered
[main] DEBUG org.hibernate.cache.internal.RegionFactoryInitiator  - Cache region factory : org.hibernate.cache.internal.NoCachingRegionFactory
[main] INFO  org.hibernate.annotations.common.Version  - HCANN000001: Hibernate Commons Annotations {5.1.2.Final}
[main] DEBUG org.hibernate.type.BasicTypeRegistry  - Adding type registration boolean -> org.hibernate.type.BooleanType@7e4204e2
[main] DEBUG org.hibernate.type.BasicTypeRegistry  - Adding type registration boolean -> org.hibernate.type.BooleanType@7e4204e2
[main] DEBUG org.hibernate.type.BasicTypeRegistry  - Adding type registration java.lang.Boolean -> org.hibernate.type.BooleanType@7e4204e2
[main] DEBUG org.hibernate.type.BasicTypeRegistry  - Adding type registration numeric_boolean -> org.hibernate.type.NumericBooleanType@72437d8d
[main] DEBUG org.hibernate.type.BasicTypeRegistry  - Adding type registration true_false -> org.hibernate.type.TrueFalseType@335b5620
[main] DEBUG org.hibernate.type.BasicTypeRegistry  - Adding type registration yes_no -> org.hibernate.type.YesNoType@6eb2384f
[main] DEBUG org.hibernate.type.BasicTypeRegistry  - Adding type registration byte -> org.hibernate.type.ByteType@1f010bf0
[main] DEBUG org.hibernate.type.BasicTypeRegistry  - Adding type registration byte -> org.hibernate.type.ByteType@1f010bf0
[main] DEBUG org.hibernate.type.BasicTypeRegistry  - Adding type registration java.lang.Byte -> org.hibernate.type.ByteType@1f010bf0
[main] DEBUG org.hibernate.type.BasicTypeRegistry  - Adding type registration character -> org.hibernate.type.CharacterType@6bca7e0d
[main] DEBUG org.hibernate.type.BasicTypeRegistry  - Adding type registration char -> org.hibernate.type.CharacterType@6bca7e0d
[main] DEBUG org.hibernate.type.BasicTypeRegistry  - Adding type registration java.lang.Character -> org.hibernate.type.CharacterType@6bca7e0d
[main] DEBUG org.hibernate.type.BasicTypeRegistry  - Adding type registration short -> org.hibernate.type.ShortType@bcef303
[main] DEBUG org.hibernate.type.BasicTypeRegistry  - Adding type registration short -> org.hibernate.type.ShortType@bcef303
[main] DEBUG org.hibernate.type.BasicTypeRegistry  - Adding type registration java.lang.Short -> org.hibernate.type.ShortType@bcef303
[main] DEBUG org.hibernate.type.BasicTypeRegistry  - Adding type registration integer -> org.hibernate.type.IntegerType@63787180
[main] DEBUG org.hibernate.type.BasicTypeRegistry  - Adding type registration int -> org.hibernate.type.IntegerType@63787180
[main] DEBUG org.hibernate.type.BasicTypeRegistry  - Adding type registration java.lang.Integer -> org.hibernate.type.IntegerType@63787180
[main] DEBUG org.hibernate.type.BasicTypeRegistry  - Adding type registration long -> org.hibernate.type.LongType@34f22f9d
[main] DEBUG org.hibernate.type.BasicTypeRegistry  - Adding type registration long -> org.hibernate.type.LongType@34f22f9d
[main] DEBUG org.hibernate.type.BasicTypeRegistry  - Adding type registration java.lang.Long -> org.hibernate.type.LongType@34f22f9d
[main] DEBUG org.hibernate.type.BasicTypeRegistry  - Adding type registration float -> org.hibernate.type.FloatType@5e4bd84a
[main] DEBUG org.hibernate.type.BasicTypeRegistry  - Adding type registration float -> org.hibernate.type.FloatType@5e4bd84a
[main] DEBUG org.hibernate.type.BasicTypeRegistry  - Adding type registration java.lang.Float -> org.hibernate.type.FloatType@5e4bd84a
[main] DEBUG org.hibernate.type.BasicTypeRegistry  - Adding type registration double -> org.hibernate.type.DoubleType@4ce1d6d0
[main] DEBUG org.hibernate.type.BasicTypeRegistry  - Adding type registration double -> org.hibernate.type.DoubleType@4ce1d6d0
[main] DEBUG org.hibernate.type.BasicTypeRegistry  - Adding type registration java.lang.Double -> org.hibernate.type.DoubleType@4ce1d6d0
[main] DEBUG org.hibernate.type.BasicTypeRegistry  - Adding type registration big_decimal -> org.hibernate.type.BigDecimalType@7b94089b
[main] DEBUG org.hibernate.type.BasicTypeRegistry  - Adding type registration java.math.BigDecimal -> org.hibernate.type.BigDecimalType@7b94089b
[main] DEBUG org.hibernate.type.BasicTypeRegistry  - Adding type registration big_integer -> org.hibernate.type.BigIntegerType@6138e79a
[main] DEBUG org.hibernate.type.BasicTypeRegistry  - Adding type registration java.math.BigInteger -> org.hibernate.type.BigIntegerType@6138e79a
[main] DEBUG org.hibernate.type.BasicTypeRegistry  - Adding type registration string -> org.hibernate.type.StringType@62ef27a8
[main] DEBUG org.hibernate.type.BasicTypeRegistry  - Adding type registration java.lang.String -> org.hibernate.type.StringType@62ef27a8
[main] DEBUG org.hibernate.type.BasicTypeRegistry  - Adding type registration nstring -> org.hibernate.type.StringNVarcharType@74f5ce22
[main] DEBUG org.hibernate.type.BasicTypeRegistry  - Adding type registration ncharacter -> org.hibernate.type.CharacterNCharType@40238dd0
[main] DEBUG org.hibernate.type.BasicTypeRegistry  - Adding type registration url -> org.hibernate.type.UrlType@4eb386df
[main] DEBUG org.hibernate.type.BasicTypeRegistry  - Adding type registration java.net.URL -> org.hibernate.type.UrlType@4eb386df
[main] DEBUG org.hibernate.type.BasicTypeRegistry  - Adding type registration Duration -> org.hibernate.type.DurationType@403f0a22
[main] DEBUG org.hibernate.type.BasicTypeRegistry  - Adding type registration java.time.Duration -> org.hibernate.type.DurationType@403f0a22
[main] DEBUG org.hibernate.type.BasicTypeRegistry  - Adding type registration Instant -> org.hibernate.type.InstantType@16414e40
[main] DEBUG org.hibernate.type.BasicTypeRegistry  - Adding type registration java.time.Instant -> org.hibernate.type.InstantType@16414e40
[main] DEBUG org.hibernate.type.BasicTypeRegistry  - Adding type registration LocalDateTime -> org.hibernate.type.LocalDateTimeType@53dbe163
[main] DEBUG org.hibernate.type.BasicTypeRegistry  - Adding type registration java.time.LocalDateTime -> org.hibernate.type.LocalDateTimeType@53dbe163
[main] DEBUG org.hibernate.type.BasicTypeRegistry  - Adding type registration LocalDate -> org.hibernate.type.LocalDateType@18a136ac
[main] DEBUG org.hibernate.type.BasicTypeRegistry  - Adding type registration java.time.LocalDate -> org.hibernate.type.LocalDateType@18a136ac
[main] DEBUG org.hibernate.type.BasicTypeRegistry  - Adding type registration LocalTime -> org.hibernate.type.LocalTimeType@134d26af
[main] DEBUG org.hibernate.type.BasicTypeRegistry  - Adding type registration java.time.LocalTime -> org.hibernate.type.LocalTimeType@134d26af
[main] DEBUG org.hibernate.type.BasicTypeRegistry  - Adding type registration OffsetDateTime -> org.hibernate.type.OffsetDateTimeType@7862f56
[main] DEBUG org.hibernate.type.BasicTypeRegistry  - Adding type registration java.time.OffsetDateTime -> org.hibernate.type.OffsetDateTimeType@7862f56
[main] DEBUG org.hibernate.type.BasicTypeRegistry  - Adding type registration OffsetTime -> org.hibernate.type.OffsetTimeType@33fe57a9
[main] DEBUG org.hibernate.type.BasicTypeRegistry  - Adding type registration java.time.OffsetTime -> org.hibernate.type.OffsetTimeType@33fe57a9
[main] DEBUG org.hibernate.type.BasicTypeRegistry  - Adding type registration ZonedDateTime -> org.hibernate.type.ZonedDateTimeType@61a88b8c
[main] DEBUG org.hibernate.type.BasicTypeRegistry  - Adding type registration java.time.ZonedDateTime -> org.hibernate.type.ZonedDateTimeType@61a88b8c
[main] DEBUG org.hibernate.type.BasicTypeRegistry  - Adding type registration date -> org.hibernate.type.DateType@253d9f73
[main] DEBUG org.hibernate.type.BasicTypeRegistry  - Adding type registration java.sql.Date -> org.hibernate.type.DateType@253d9f73
[main] DEBUG org.hibernate.type.BasicTypeRegistry  - Adding type registration time -> org.hibernate.type.TimeType@5dd1c9f2
[main] DEBUG org.hibernate.type.BasicTypeRegistry  - Adding type registration java.sql.Time -> org.hibernate.type.TimeType@5dd1c9f2
[main] DEBUG org.hibernate.type.BasicTypeRegistry  - Adding type registration timestamp -> org.hibernate.type.TimestampType@487db668
[main] DEBUG org.hibernate.type.BasicTypeRegistry  - Adding type registration java.sql.Timestamp -> org.hibernate.type.TimestampType@487db668
[main] DEBUG org.hibernate.type.BasicTypeRegistry  - Adding type registration java.util.Date -> org.hibernate.type.TimestampType@487db668
[main] DEBUG org.hibernate.type.BasicTypeRegistry  - Adding type registration dbtimestamp -> org.hibernate.type.DbTimestampType@4612b856
[main] DEBUG org.hibernate.type.BasicTypeRegistry  - Adding type registration calendar -> org.hibernate.type.CalendarType@e8df99a
[main] DEBUG org.hibernate.type.BasicTypeRegistry  - Adding type registration java.util.Calendar -> org.hibernate.type.CalendarType@e8df99a
[main] DEBUG org.hibernate.type.BasicTypeRegistry  - Adding type registration java.util.GregorianCalendar -> org.hibernate.type.CalendarType@e8df99a
[main] DEBUG org.hibernate.type.BasicTypeRegistry  - Adding type registration calendar_date -> org.hibernate.type.CalendarDateType@530712d
[main] DEBUG org.hibernate.type.BasicTypeRegistry  - Adding type registration calendar_time -> org.hibernate.type.CalendarTimeType@45fd9a4d
[main] DEBUG org.hibernate.type.BasicTypeRegistry  - Adding type registration locale -> org.hibernate.type.LocaleType@16c63f5
[main] DEBUG org.hibernate.type.BasicTypeRegistry  - Adding type registration java.util.Locale -> org.hibernate.type.LocaleType@16c63f5
[main] DEBUG org.hibernate.type.BasicTypeRegistry  - Adding type registration currency -> org.hibernate.type.CurrencyType@74eb909f
[main] DEBUG org.hibernate.type.BasicTypeRegistry  - Adding type registration java.util.Currency -> org.hibernate.type.CurrencyType@74eb909f
[main] DEBUG org.hibernate.type.BasicTypeRegistry  - Adding type registration timezone -> org.hibernate.type.TimeZoneType@13d9b21f
[main] DEBUG org.hibernate.type.BasicTypeRegistry  - Adding type registration java.util.TimeZone -> org.hibernate.type.TimeZoneType@13d9b21f
[main] DEBUG org.hibernate.type.BasicTypeRegistry  - Adding type registration class -> org.hibernate.type.ClassType@687ef2e0
[main] DEBUG org.hibernate.type.BasicTypeRegistry  - Adding type registration java.lang.Class -> org.hibernate.type.ClassType@687ef2e0
[main] DEBUG org.hibernate.type.BasicTypeRegistry  - Adding type registration uuid-binary -> org.hibernate.type.UUIDBinaryType@497486b3
[main] DEBUG org.hibernate.type.BasicTypeRegistry  - Adding type registration java.util.UUID -> org.hibernate.type.UUIDBinaryType@497486b3
[main] DEBUG org.hibernate.type.BasicTypeRegistry  - Adding type registration uuid-char -> org.hibernate.type.UUIDCharType@6bbe2511
[main] DEBUG org.hibernate.type.BasicTypeRegistry  - Adding type registration binary -> org.hibernate.type.BinaryType@495b0487
[main] DEBUG org.hibernate.type.BasicTypeRegistry  - Adding type registration byte[] -> org.hibernate.type.BinaryType@495b0487
[main] DEBUG org.hibernate.type.BasicTypeRegistry  - Adding type registration [B -> org.hibernate.type.BinaryType@495b0487
[main] DEBUG org.hibernate.type.BasicTypeRegistry  - Adding type registration wrapper-binary -> org.hibernate.type.WrapperBinaryType@4b6690c0
[main] DEBUG org.hibernate.type.BasicTypeRegistry  - Adding type registration Byte[] -> org.hibernate.type.WrapperBinaryType@4b6690c0
[main] DEBUG org.hibernate.type.BasicTypeRegistry  - Adding type registration [Ljava.lang.Byte; -> org.hibernate.type.WrapperBinaryType@4b6690c0
[main] DEBUG org.hibernate.type.BasicTypeRegistry  - Adding type registration row_version -> org.hibernate.type.RowVersionType@39fcbef6
[main] DEBUG org.hibernate.type.BasicTypeRegistry  - Adding type registration image -> org.hibernate.type.ImageType@6179e425
[main] DEBUG org.hibernate.type.BasicTypeRegistry  - Adding type registration characters -> org.hibernate.type.CharArrayType@1c32386d
[main] DEBUG org.hibernate.type.BasicTypeRegistry  - Adding type registration char[] -> org.hibernate.type.CharArrayType@1c32386d
[main] DEBUG org.hibernate.type.BasicTypeRegistry  - Adding type registration [C -> org.hibernate.type.CharArrayType@1c32386d
[main] DEBUG org.hibernate.type.BasicTypeRegistry  - Adding type registration wrapper-characters -> org.hibernate.type.CharacterArrayType@53bd8fca
[main] DEBUG org.hibernate.type.BasicTypeRegistry  - Adding type registration [Ljava.lang.Character; -> org.hibernate.type.CharacterArrayType@53bd8fca
[main] DEBUG org.hibernate.type.BasicTypeRegistry  - Adding type registration Character[] -> org.hibernate.type.CharacterArrayType@53bd8fca
[main] DEBUG org.hibernate.type.BasicTypeRegistry  - Adding type registration text -> org.hibernate.type.TextType@63a270c9
[main] DEBUG org.hibernate.type.BasicTypeRegistry  - Adding type registration ntext -> org.hibernate.type.NTextType@614df0a4
[main] DEBUG org.hibernate.type.BasicTypeRegistry  - Adding type registration blob -> org.hibernate.type.BlobType@69653e16
[main] DEBUG org.hibernate.type.BasicTypeRegistry  - Adding type registration java.sql.Blob -> org.hibernate.type.BlobType@69653e16
[main] DEBUG org.hibernate.type.BasicTypeRegistry  - Adding type registration materialized_blob -> org.hibernate.type.MaterializedBlobType@49d3c823
[main] DEBUG org.hibernate.type.BasicTypeRegistry  - Adding type registration clob -> org.hibernate.type.ClobType@584f54e6
[main] DEBUG org.hibernate.type.BasicTypeRegistry  - Adding type registration java.sql.Clob -> org.hibernate.type.ClobType@584f54e6
[main] DEBUG org.hibernate.type.BasicTypeRegistry  - Adding type registration nclob -> org.hibernate.type.NClobType@1cdc4c27
[main] DEBUG org.hibernate.type.BasicTypeRegistry  - Adding type registration java.sql.NClob -> org.hibernate.type.NClobType@1cdc4c27
[main] DEBUG org.hibernate.type.BasicTypeRegistry  - Adding type registration materialized_clob -> org.hibernate.type.MaterializedClobType@604f2bd2
[main] DEBUG org.hibernate.type.BasicTypeRegistry  - Adding type registration materialized_nclob -> org.hibernate.type.MaterializedNClobType@7b84fcf8
[main] DEBUG org.hibernate.type.BasicTypeRegistry  - Adding type registration serializable -> org.hibernate.type.SerializableType@663411de
[main] DEBUG org.hibernate.type.BasicTypeRegistry  - Adding type registration object -> org.hibernate.type.ObjectType@1f6c9cd8
[main] DEBUG org.hibernate.type.BasicTypeRegistry  - Adding type registration java.lang.Object -> org.hibernate.type.ObjectType@1f6c9cd8
[main] DEBUG org.hibernate.type.BasicTypeRegistry  - Adding type registration imm_date -> org.hibernate.type.AdaptedImmutableType@7f36662c
[main] DEBUG org.hibernate.type.BasicTypeRegistry  - Adding type registration imm_time -> org.hibernate.type.AdaptedImmutableType@28e8dde3
[main] DEBUG org.hibernate.type.BasicTypeRegistry  - Adding type registration imm_timestamp -> org.hibernate.type.AdaptedImmutableType@6d23017e
[main] DEBUG org.hibernate.type.BasicTypeRegistry  - Adding type registration imm_dbtimestamp -> org.hibernate.type.AdaptedImmutableType@54dcfa5a
[main] DEBUG org.hibernate.type.BasicTypeRegistry  - Adding type registration imm_calendar -> org.hibernate.type.AdaptedImmutableType@1817f1eb
[main] DEBUG org.hibernate.type.BasicTypeRegistry  - Adding type registration imm_calendar_date -> org.hibernate.type.AdaptedImmutableType@767e20cf
[main] DEBUG org.hibernate.type.BasicTypeRegistry  - Adding type registration imm_binary -> org.hibernate.type.AdaptedImmutableType@3a3e78f
[main] DEBUG org.hibernate.type.BasicTypeRegistry  - Adding type registration imm_serializable -> org.hibernate.type.AdaptedImmutableType@301ec38b
[main] DEBUG org.hibernate.id.factory.internal.DefaultIdentifierGeneratorFactory  - Registering IdentifierGenerator strategy [uuid2] -> [org.hibernate.id.UUIDGenerator]
[main] DEBUG org.hibernate.id.factory.internal.DefaultIdentifierGeneratorFactory  - Registering IdentifierGenerator strategy [guid] -> [org.hibernate.id.GUIDGenerator]
[main] DEBUG org.hibernate.id.factory.internal.DefaultIdentifierGeneratorFactory  - Registering IdentifierGenerator strategy [uuid] -> [org.hibernate.id.UUIDHexGenerator]
[main] DEBUG org.hibernate.id.factory.internal.DefaultIdentifierGeneratorFactory  - Registering IdentifierGenerator strategy [uuid.hex] -> [org.hibernate.id.UUIDHexGenerator]
[main] DEBUG org.hibernate.id.factory.internal.DefaultIdentifierGeneratorFactory  - Registering IdentifierGenerator strategy [assigned] -> [org.hibernate.id.Assigned]
[main] DEBUG org.hibernate.id.factory.internal.DefaultIdentifierGeneratorFactory  - Registering IdentifierGenerator strategy [identity] -> [org.hibernate.id.IdentityGenerator]
[main] DEBUG org.hibernate.id.factory.internal.DefaultIdentifierGeneratorFactory  - Registering IdentifierGenerator strategy [select] -> [org.hibernate.id.SelectGenerator]
[main] DEBUG org.hibernate.id.factory.internal.DefaultIdentifierGeneratorFactory  - Registering IdentifierGenerator strategy [sequence] -> [org.hibernate.id.enhanced.SequenceStyleGenerator]
[main] DEBUG org.hibernate.id.factory.internal.DefaultIdentifierGeneratorFactory  - Registering IdentifierGenerator strategy [seqhilo] -> [org.hibernate.id.SequenceHiLoGenerator]
[main] DEBUG org.hibernate.id.factory.internal.DefaultIdentifierGeneratorFactory  - Registering IdentifierGenerator strategy [increment] -> [org.hibernate.id.IncrementGenerator]
[main] DEBUG org.hibernate.id.factory.internal.DefaultIdentifierGeneratorFactory  - Registering IdentifierGenerator strategy [foreign] -> [org.hibernate.id.ForeignGenerator]
[main] DEBUG org.hibernate.id.factory.internal.DefaultIdentifierGeneratorFactory  - Registering IdentifierGenerator strategy [sequence-identity] -> [org.hibernate.id.SequenceIdentityGenerator]
[main] DEBUG org.hibernate.id.factory.internal.DefaultIdentifierGeneratorFactory  - Registering IdentifierGenerator strategy [enhanced-sequence] -> [org.hibernate.id.enhanced.SequenceStyleGenerator]
[main] DEBUG org.hibernate.id.factory.internal.DefaultIdentifierGeneratorFactory  - Registering IdentifierGenerator strategy [enhanced-table] -> [org.hibernate.id.enhanced.TableGenerator]
[main] WARN  org.hibernate.orm.connections.pooling  - HHH10001002: Using Hibernate built-in connection pool (not for production use!)
[main] INFO  org.hibernate.orm.connections.pooling  - HHH10001005: using driver [com.mysql.cj.jdbc.Driver] at URL [jdbc:mysql://localhost:3306/employee]
[main] INFO  org.hibernate.orm.connections.pooling  - HHH10001001: Connection properties: {password=Ramz@1304, user=root}
[main] INFO  org.hibernate.orm.connections.pooling  - HHH10001003: Autocommit mode: false
[main] DEBUG org.hibernate.engine.jdbc.connections.internal.DriverManagerConnectionProviderImpl  - Initializing Connection pool with 1 Connections
[main] INFO  org.hibernate.engine.jdbc.connections.internal.DriverManagerConnectionProviderImpl  - HHH000115: Hibernate connection pool size: 20 (min=1)
[main] DEBUG org.hibernate.engine.jdbc.env.internal.JdbcEnvironmentInitiator  - Database ->
       name : MySQL
    version : 8.0.22
      major : 8
      minor : 0
[main] DEBUG org.hibernate.engine.jdbc.env.internal.JdbcEnvironmentInitiator  - Driver ->
       name : MySQL Connector/J
    version : mysql-connector-java-8.0.21 (Revision: 33f65445a1bcc544eb0120491926484da168f199)
      major : 8
      minor : 0
[main] DEBUG org.hibernate.engine.jdbc.env.internal.JdbcEnvironmentInitiator  - JDBC version : 4.2
[main] INFO  org.hibernate.dialect.Dialect  - HHH000400: Using dialect: org.hibernate.dialect.MySQL8Dialect
[main] DEBUG org.hibernate.engine.jdbc.env.spi.IdentifierHelperBuilder  - JDBC driver metadata reported database stores quoted identifiers in more than one case
[main] DEBUG org.hibernate.engine.jdbc.env.spi.IdentifierHelperBuilder  - IdentifierCaseStrategy for both quoted and unquoted identifiers was set to the same strategy [LOWER]; that will likely lead to problems in schema update and validation if using quoted identifiers
[main] DEBUG org.hibernate.boot.model.relational.Namespace  - Created database namespace [logicalName=Name{catalog=null, schema=null}, physicalName=Name{catalog=null, schema=null}]
[main] DEBUG org.hibernate.type.spi.TypeConfiguration$Scope  - Scoping TypeConfiguration [org.hibernate.type.spi.TypeConfiguration@1917d90f] to MetadataBuildingContext [org.hibernate.boot.internal.MetadataBuildingContextRootImpl@66bfd864]
[main] DEBUG org.hibernate.cfg.AnnotationBinder  - Binding entity from annotated class: employeedb.employeePojo
[main] DEBUG org.hibernate.cfg.Ejb3Column  - Binding column: Ejb3DiscriminatorColumn{logicalColumnName'DTYPE', discriminatorTypeName='string'}
[main] DEBUG org.hibernate.cfg.annotations.EntityBinder  - Import with entity name employeePojo
[main] DEBUG org.hibernate.cfg.annotations.EntityBinder  - Bind entity employeedb.employeePojo on table employeePojo
[main] DEBUG org.hibernate.cfg.Ejb3Column  - Binding column: Ejb3Column{table=org.hibernate.mapping.Table(employeePojo), mappingColumn=id, insertable=true, updatable=true, unique=false}
[main] DEBUG org.hibernate.boot.internal.ClassLoaderAccessImpl  - Not known whether passed class name [employeedb.employeePojo] is safe
[main] DEBUG org.hibernate.boot.internal.ClassLoaderAccessImpl  - No temp ClassLoader provided; using live ClassLoader for loading potentially unsafe class : employeedb.employeePojo
[main] DEBUG org.hibernate.cfg.annotations.PropertyBinder  - MetadataSourceProcessor property id with lazy=false
[main] DEBUG org.hibernate.cfg.AbstractPropertyHolder  - Attempting to locate auto-apply AttributeConverter for property [employeedb.employeePojo:id]
[main] DEBUG org.hibernate.cfg.annotations.SimpleValueBinder  - building SimpleValue for id
[main] DEBUG org.hibernate.cfg.annotations.PropertyBinder  - Building property id
[main] DEBUG org.hibernate.cfg.BinderHelper  - #makeIdGenerator(org.hibernate.mapping.SimpleValue([org.hibernate.mapping.Column(id)]), id, assigned, , ...)
[main] DEBUG org.hibernate.cfg.Ejb3Column  - Binding column: Ejb3Column{table=org.hibernate.mapping.Table(employeePojo), mappingColumn=age, insertable=true, updatable=true, unique=false}
[main] DEBUG org.hibernate.cfg.annotations.PropertyBinder  - MetadataSourceProcessor property age with lazy=false
[main] DEBUG org.hibernate.cfg.AbstractPropertyHolder  - Attempting to locate auto-apply AttributeConverter for property [employeedb.employeePojo:age]
[main] DEBUG org.hibernate.cfg.annotations.SimpleValueBinder  - building SimpleValue for age
[main] DEBUG org.hibernate.cfg.annotations.PropertyBinder  - Building property age
[main] DEBUG org.hibernate.cfg.Ejb3Column  - Binding column: Ejb3Column{table=org.hibernate.mapping.Table(employeePojo), mappingColumn=name, insertable=true, updatable=true, unique=false}
[main] DEBUG org.hibernate.cfg.annotations.PropertyBinder  - MetadataSourceProcessor property name with lazy=false
[main] DEBUG org.hibernate.cfg.AbstractPropertyHolder  - Attempting to locate auto-apply AttributeConverter for property [employeedb.employeePojo:name]
[main] DEBUG org.hibernate.cfg.annotations.SimpleValueBinder  - building SimpleValue for name
[main] DEBUG org.hibernate.cfg.annotations.PropertyBinder  - Building property name
[main] DEBUG org.hibernate.cfg.annotations.SimpleValueBinder  - Starting fillSimpleValue for id
[main] DEBUG org.hibernate.cfg.annotations.SimpleValueBinder  - Starting fillSimpleValue for age
[main] DEBUG org.hibernate.cfg.annotations.SimpleValueBinder  - Starting fillSimpleValue for name
[main] DEBUG org.hibernate.mapping.PrimaryKey  - Forcing column [id] to be non-null as it is part of the primary key for table [employeepojo]
[main] DEBUG org.hibernate.internal.SessionFactoryImpl  - Building session factory
[main] DEBUG org.hibernate.cfg.Settings  - SessionFactory name : null
[main] DEBUG org.hibernate.cfg.Settings  - Automatic flush during beforeCompletion(): enabled
[main] DEBUG org.hibernate.cfg.Settings  - Automatic session close at end of transaction: disabled
[main] DEBUG org.hibernate.cfg.Settings  - Statistics: disabled
[main] DEBUG org.hibernate.cfg.Settings  - Deleted entity synthetic identifier rollback: disabled
[main] DEBUG org.hibernate.cfg.Settings  - Default entity-mode: pojo
[main] DEBUG org.hibernate.cfg.Settings  - Check Nullability in Core (should be disabled when Bean Validation is on): enabled
[main] DEBUG org.hibernate.cfg.Settings  - Allow initialization of lazy state outside session : disabled
[main] DEBUG org.hibernate.cfg.Settings  - Using BatchFetchStyle : LEGACY
[main] DEBUG org.hibernate.cfg.Settings  - Default batch fetch size: -1
[main] DEBUG org.hibernate.cfg.Settings  - Maximum outer join fetch depth: 2
[main] DEBUG org.hibernate.cfg.Settings  - Default null ordering: NONE
[main] DEBUG org.hibernate.cfg.Settings  - Order SQL updates by primary key: disabled
[main] DEBUG org.hibernate.cfg.Settings  - Order SQL inserts for batching: disabled
[main] DEBUG org.hibernate.cfg.Settings  - multi-tenancy strategy : NONE
[main] DEBUG org.hibernate.cfg.Settings  - JTA Track by Thread: enabled
[main] DEBUG org.hibernate.cfg.Settings  - Query language substitutions: {}
[main] DEBUG org.hibernate.cfg.Settings  - Named query checking : enabled
[main] DEBUG org.hibernate.cfg.Settings  - Second-level cache: disabled
[main] DEBUG org.hibernate.cfg.Settings  - Second-level query cache: disabled
[main] DEBUG org.hibernate.cfg.Settings  - Second-level query cache factory: null
[main] DEBUG org.hibernate.cfg.Settings  - Second-level cache region prefix: null
[main] DEBUG org.hibernate.cfg.Settings  - Optimize second-level cache for minimal puts: disabled
[main] DEBUG org.hibernate.cfg.Settings  - Structured second-level cache entries: disabled
[main] DEBUG org.hibernate.cfg.Settings  - Second-level cache direct-reference entries: disabled
[main] DEBUG org.hibernate.cfg.Settings  - Automatic eviction of collection cache: disabled
[main] DEBUG org.hibernate.cfg.Settings  - JDBC batch size: 15
[main] DEBUG org.hibernate.cfg.Settings  - JDBC batch updates for versioned data: enabled
[main] DEBUG org.hibernate.cfg.Settings  - Scrollable result sets: enabled
[main] DEBUG org.hibernate.cfg.Settings  - Wrap result sets: disabled
[main] DEBUG org.hibernate.cfg.Settings  - JDBC3 getGeneratedKeys(): enabled
[main] DEBUG org.hibernate.cfg.Settings  - JDBC result set fetch size: null
[main] DEBUG org.hibernate.cfg.Settings  - Connection release mode: AFTER_TRANSACTION
[main] DEBUG org.hibernate.cfg.Settings  - Generate SQL with comments: disabled
[main] DEBUG org.hibernate.cfg.Settings  - JPA compliance - query : disabled
[main] DEBUG org.hibernate.cfg.Settings  - JPA compliance - closed-handling : disabled
[main] DEBUG org.hibernate.cfg.Settings  - JPA compliance - lists : disabled
[main] DEBUG org.hibernate.cfg.Settings  - JPA compliance - transactions : disabled
[main] DEBUG org.hibernate.internal.SessionFactoryImpl  - Session factory constructed with filter configurations : {}
[main] DEBUG org.hibernate.internal.SessionFactoryImpl  - Instantiating session factory with properties: {java.specification.version=14, sun.cpu.isalist=amd64, sun.jnu.encoding=Cp1252, java.class.path=F:\Workspace\employee\target\classes;C:\Users\RAM\.m2\repository\mysql\mysql-connector-java\8.0.21\mysql-connector-java-8.0.21.jar;C:\Users\RAM\.m2\repository\com\google\protobuf\protobuf-java\3.11.4\protobuf-java-3.11.4.jar;C:\Users\RAM\.m2\repository\log4j\log4j\1.2.17\log4j-1.2.17.jar;C:\Users\RAM\.m2\repository\org\hibernate\hibernate-core\5.4.26.Final\hibernate-core-5.4.26.Final.jar;C:\Users\RAM\.m2\repository\org\jboss\logging\jboss-logging\3.4.1.Final\jboss-logging-3.4.1.Final.jar;C:\Users\RAM\.m2\repository\javax\persistence\javax.persistence-api\2.2\javax.persistence-api-2.2.jar;C:\Users\RAM\.m2\repository\org\javassist\javassist\3.27.0-GA\javassist-3.27.0-GA.jar;C:\Users\RAM\.m2\repository\net\bytebuddy\byte-buddy\1.10.17\byte-buddy-1.10.17.jar;C:\Users\RAM\.m2\repository\antlr\antlr\2.7.7\antlr-2.7.7.jar;C:\Users\RAM\.m2\repository\org\jboss\spec\javax\transaction\jboss-transaction-api_1.2_spec\1.1.1.Final\jboss-transaction-api_1.2_spec-1.1.1.Final.jar;C:\Users\RAM\.m2\repository\org\jboss\jandex\2.1.3.Final\jandex-2.1.3.Final.jar;C:\Users\RAM\.m2\repository\com\fasterxml\classmate\1.5.1\classmate-1.5.1.jar;C:\Users\RAM\.m2\repository\javax\activation\javax.activation-api\1.2.0\javax.activation-api-1.2.0.jar;C:\Users\RAM\.m2\repository\org\dom4j\dom4j\2.1.3\dom4j-2.1.3.jar;C:\Users\RAM\.m2\repository\org\hibernate\common\hibernate-commons-annotations\5.1.2.Final\hibernate-commons-annotations-5.1.2.Final.jar;C:\Users\RAM\.m2\repository\javax\xml\bind\jaxb-api\2.3.1\jaxb-api-2.3.1.jar;C:\Users\RAM\.m2\repository\org\glassfish\jaxb\jaxb-runtime\2.3.1\jaxb-runtime-2.3.1.jar;C:\Users\RAM\.m2\repository\org\glassfish\jaxb\txw2\2.3.1\txw2-2.3.1.jar;C:\Users\RAM\.m2\repository\com\sun\istack\istack-commons-runtime\3.0.7\istack-commons-runtime-3.0.7.jar;C:\Users\RAM\.m2\repository\org\jvnet\staxex\stax-ex\1.8\stax-ex-1.8.jar;C:\Users\RAM\.m2\repository\com\sun\xml\fastinfoset\FastInfoset\1.2.15\FastInfoset-1.2.15.jar;C:\Users\RAM\.m2\repository\org\eclipse\persistence\eclipselink\2.5.0\eclipselink-2.5.0.jar;C:\Users\RAM\.m2\repository\org\eclipse\persistence\javax.persistence\2.1.0\javax.persistence-2.1.0.jar;C:\Users\RAM\.m2\repository\org\eclipse\persistence\commonj.sdo\2.1.1\commonj.sdo-2.1.1.jar, java.vm.vendor=Oracle Corporation, sun.arch.data.model=64, user.variant=, java.vendor.url=https://java.oracle.com/, java.vm.specification.version=14, os.name=Windows 10, current_session_context_class=thread, sun.java.launcher=SUN_STANDARD, user.country=IN, hibernate.hbm2ddL.auto=update, sun.boot.library.path=C:\Program Files\Java\jdk-14.0.2\bin, sun.java.command=employeedb.App, jdk.debug=release, sun.cpu.endian=little, user.home=C:\Users\RAM, user.language=en, java.specification.vendor=Oracle Corporation, java.version.date=2020-07-14, java.home=C:\Program Files\Java\jdk-14.0.2, file.separator=\, java.vm.compressedOopsMode=32-bit, line.separator=
, java.vm.specification.vendor=Oracle Corporation, java.specification.name=Java Platform API Specification, hibernate.DiaLect=org.hibernate.dialect.MySQLDialect, user.script=, sun.management.compiler=HotSpot 64-Bit Tiered Compilers, java.runtime.version=14.0.2+12-46, user.name=RAM, path.separator=;, hibernate.connection.username=****, os.version=10.0, java.runtime.name=Java(TM) SE Runtime Environment, hibernate.connection.url=jdbc:mysql://localhost:3306/employee, file.encoding=Cp1252, hbm2ddL.auto=update, java.vm.name=Java HotSpot(TM) 64-Bit Server VM, hibernate.show_sql=true, hibernate.current_session_context_class=thread, hibernate.connection.driver_class=com.mysql.cj.jdbc.Driver, java.vendor.url.bug=https://bugreport.java.com/bugreport/, java.io.tmpdir=C:\Users\RAM\AppData\Local\Temp\, java.version=14.0.2, user.dir=F:\Workspace\employee, os.arch=amd64, java.vm.specification.name=Java Virtual Machine Specification, hibernate.connection.password=****, sun.os.patch.level=, hibernate.boot.CfgXmlAccessService.key=org.hibernate.boot.cfgxml.spi.LoadedConfig@213c3543, java.library.path=C:\Program Files\Java\jdk-14.0.2\bin;C:\WINDOWS\Sun\Java\bin;C:\WINDOWS\system32;C:\WINDOWS;C:/Program Files/Java/jdk-14.0.2/bin/server;C:/Program Files/Java/jdk-14.0.2/bin;C:\Program Files\Java\jdk-14.0.2\bin;C:\Program Files\NVIDIA Corporation\NVIDIA NvDLISR;%MAVEN_HOME%\bin;C:\Program Files\Git\cmd;C:\Program Files\MySQL\MySQL Shell 8.0\bin\;C:\Users\RAM\AppData\Local\Microsoft\WindowsApps;;C:\Users\RAM\Downloads\eclipse;;., java.vendor=Oracle Corporation, java.vm.info=mixed mode, sharing, java.vm.version=14.0.2+12-46, hibernate.bytecode.use_reflection_optimizer=false, sun.io.unicode.encoding=UnicodeLittle, java.class.version=58.0}
[main] DEBUG org.hibernate.secure.spi.JaccIntegrator  - Skipping JACC integration as it was not enabled
[main] DEBUG org.hibernate.internal.SessionFactoryImpl  - Instantiated session factory
[main] DEBUG org.hibernate.type.spi.TypeConfiguration$Scope  - Scoping TypeConfiguration [org.hibernate.type.spi.TypeConfiguration@1917d90f] to SessionFactoryImpl [org.hibernate.internal.SessionFactoryImpl@6d469831]
[main] DEBUG org.hibernate.boot.internal.ClassLoaderAccessImpl  - Not known whether passed class name [employeedb.employeePojo] is safe
[main] DEBUG org.hibernate.boot.internal.ClassLoaderAccessImpl  - No temp ClassLoader provided; using live ClassLoader for loading potentially unsafe class : employeedb.employeePojo
[main] DEBUG org.hibernate.persister.entity.AbstractEntityPersister  - Static SQL for entity: employeedb.employeePojo
[main] DEBUG org.hibernate.persister.entity.AbstractEntityPersister  -  Version select: select id from employeePojo where id =?
[main] DEBUG org.hibernate.persister.entity.AbstractEntityPersister  -  Snapshot select: select employeepo_.id, employeepo_.age as age2_0_, employeepo_.name as name3_0_ from employeePojo employeepo_ where employeepo_.id=?
[main] DEBUG org.hibernate.persister.entity.AbstractEntityPersister  -  Insert 0: insert into employeePojo (age, name, id) values (?, ?, ?)
[main] DEBUG org.hibernate.persister.entity.AbstractEntityPersister  -  Update 0: update employeePojo set age=?, name=? where id=?
[main] DEBUG org.hibernate.persister.entity.AbstractEntityPersister  -  Delete 0: delete from employeePojo where id=?
[main] DEBUG org.hibernate.loader.plan.build.internal.spaces.QuerySpacesImpl  - Adding QuerySpace : uid = <gen:0> -> org.hibernate.loader.plan.build.internal.spaces.EntityQuerySpaceImpl@7f37b6d9]
[main] DEBUG org.hibernate.persister.walking.spi.MetamodelGraphWalker  - Visiting attribute path : age
[main] DEBUG org.hibernate.persister.walking.spi.MetamodelGraphWalker  - Visiting attribute path : name
[main] DEBUG org.hibernate.loader.plan.build.internal.FetchStyleLoadPlanBuildingAssociationVisitationStrategy  - Building LoadPlan...
[main] DEBUG org.hibernate.loader.plan.exec.internal.LoadQueryJoinAndFetchProcessor  - processing queryspace <gen:0>
[main] DEBUG org.hibernate.loader.plan.build.spi.LoadPlanTreePrinter  - LoadPlan(entity=employeedb.employeePojo)
    - Returns
       - EntityReturnImpl(entity=employeedb.employeePojo, querySpaceUid=<gen:0>, path=employeedb.employeePojo)
    - QuerySpaces
       - EntityQuerySpaceImpl(uid=<gen:0>, entity=employeedb.employeePojo)
          - SQL table alias mapping - employeepo0_
          - alias suffix - 0_
          - suffixed key columns - {id1_0_0_}

[main] DEBUG org.hibernate.loader.entity.plan.EntityLoader  - Static select for entity employeedb.employeePojo [NONE]: select employeepo0_.id as id1_0_0_, employeepo0_.age as age2_0_0_, employeepo0_.name as name3_0_0_ from employeePojo employeepo0_ where employeepo0_.id=?
[main] DEBUG org.hibernate.tool.schema.spi.SchemaManagementToolCoordinator  - No actions specified; doing nothing
[main] DEBUG org.hibernate.query.spi.NamedQueryRepository  - Checking 0 named HQL queries
[main] DEBUG org.hibernate.query.spi.NamedQueryRepository  - Checking 0 named SQL queries
[main] DEBUG org.hibernate.internal.SessionFactoryRegistry  - Initializing SessionFactoryRegistry : org.hibernate.internal.SessionFactoryRegistry@575e572f
[main] DEBUG org.hibernate.internal.SessionFactoryRegistry  - Registering SessionFactory: 36ed5018-053a-466e-8ef1-a027b94fd164 (<unnamed>)
[main] DEBUG org.hibernate.internal.SessionFactoryRegistry  - Not binding SessionFactory to JNDI, no JNDI name configured
[main] WARN  org.hibernate.orm.connections.pooling  - HHH10001002: Using Hibernate built-in connection pool (not for production use!)
[main] INFO  org.hibernate.Version  - HHH000412: Hibernate ORM core version 5.4.26.Final
[main] INFO  org.hibernate.annotations.common.Version  - HCANN000001: Hibernate Commons Annotations {5.1.2.Final}
[main] WARN  org.hibernate.orm.connections.pooling  - HHH10001002: Using Hibernate built-in connection pool (not for production use!)
[main] INFO  org.hibernate.orm.connections.pooling  - HHH10001005: using driver [com.mysql.cj.jdbc.Driver] at URL [jdbc:mysql://localhost:3306/employee]
[main] INFO  org.hibernate.orm.connections.pooling  - HHH10001001: Connection properties: {password=****, user=root}
[main] INFO  org.hibernate.orm.connections.pooling  - HHH10001003: Autocommit mode: false
[main] INFO  org.hibernate.engine.jdbc.connections.internal.DriverManagerConnectionProviderImpl  - HHH000115: Hibernate connection pool size: 20 (min=1)
[main] INFO  org.hibernate.dialect.Dialect  - HHH000400: Using dialect: org.hibernate.dialect.MySQL8Dialect
[main] INFO  org.hibernate.Version  - HHH000412: Hibernate ORM core version 5.4.26.Final
[main] INFO  org.hibernate.annotations.common.Version  - HCANN000001: Hibernate Commons Annotations {5.1.2.Final}
[main] WARN  org.hibernate.orm.connections.pooling  - HHH10001002: Using Hibernate built-in connection pool (not for production use!)
[main] INFO  org.hibernate.orm.connections.pooling  - HHH10001005: using driver [com.mysql.cj.jdbc.Driver] at URL [jdbc:mysql://localhost:3306/employee]
[main] INFO  org.hibernate.orm.connections.pooling  - HHH10001001: Connection properties: {password=****, user=root}
[main] INFO  org.hibernate.orm.connections.pooling  - HHH10001003: Autocommit mode: false
[main] INFO  org.hibernate.engine.jdbc.connections.internal.DriverManagerConnectionProviderImpl  - HHH000115: Hibernate connection pool size: 20 (min=1)
[main] INFO  org.hibernate.dialect.Dialect  - HHH000400: Using dialect: org.hibernate.dialect.MySQL8Dialect
[main] INFO  org.hibernate.Version  - HHH000412: Hibernate ORM core version 5.4.26.Final
[main] INFO  org.hibernate.annotations.common.Version  - HCANN000001: Hibernate Commons Annotations {5.1.2.Final}
[main] WARN  org.hibernate.orm.connections.pooling  - HHH10001002: Using Hibernate built-in connection pool (not for production use!)
[main] INFO  org.hibernate.orm.connections.pooling  - HHH10001005: using driver [com.mysql.cj.jdbc.Driver] at URL [jdbc:mysql://localhost:3306/employee]
[main] INFO  org.hibernate.orm.connections.pooling  - HHH10001001: Connection properties: {password=****, user=root}
[main] INFO  org.hibernate.orm.connections.pooling  - HHH10001003: Autocommit mode: false
[main] INFO  org.hibernate.engine.jdbc.connections.internal.DriverManagerConnectionProviderImpl  - HHH000115: Hibernate connection pool size: 20 (min=1)
[main] INFO  org.hibernate.dialect.Dialect  - HHH000400: Using dialect: org.hibernate.dialect.MySQL8Dialect
[main] INFO  org.hibernate.Version  - HHH000412: Hibernate ORM core version 5.4.26.Final
[main] INFO  org.hibernate.annotations.common.Version  - HCANN000001: Hibernate Commons Annotations {5.1.2.Final}
[main] WARN  org.hibernate.orm.connections.pooling  - HHH10001002: Using Hibernate built-in connection pool (not for production use!)
[main] INFO  org.hibernate.orm.connections.pooling  - HHH10001005: using driver [com.mysql.cj.jdbc.Driver] at URL [jdbc:mysql://localhost:3306/employee]
[main] INFO  org.hibernate.orm.connections.pooling  - HHH10001001: Connection properties: {password=****, user=root}
[main] INFO  org.hibernate.orm.connections.pooling  - HHH10001003: Autocommit mode: false
[main] INFO  org.hibernate.engine.jdbc.connections.internal.DriverManagerConnectionProviderImpl  - HHH000115: Hibernate connection pool size: 20 (min=1)
[main] INFO  org.hibernate.dialect.Dialect  - HHH000400: Using dialect: org.hibernate.dialect.MySQL8Dialect
[main] INFO  org.hibernate.Version  - HHH000412: Hibernate ORM core version 5.4.26.Final
[main] INFO  org.hibernate.annotations.common.Version  - HCANN000001: Hibernate Commons Annotations {5.1.2.Final}
[main] WARN  org.hibernate.orm.connections.pooling  - HHH10001002: Using Hibernate built-in connection pool (not for production use!)
[main] INFO  org.hibernate.orm.connections.pooling  - HHH10001005: using driver [com.mysql.cj.jdbc.Driver] at URL [jdbc:mysql://localhost:3306/employee]
[main] INFO  org.hibernate.orm.connections.pooling  - HHH10001001: Connection properties: {password=****, user=root}
[main] INFO  org.hibernate.orm.connections.pooling  - HHH10001003: Autocommit mode: false
[main] INFO  org.hibernate.engine.jdbc.connections.internal.DriverManagerConnectionProviderImpl  - HHH000115: Hibernate connection pool size: 20 (min=1)
[main] INFO  org.hibernate.dialect.Dialect  - HHH000400: Using dialect: org.hibernate.dialect.MySQL8Dialect
[main] INFO  org.hibernate.Version  - HHH000412: Hibernate ORM core version 5.4.26.Final
[main] INFO  org.hibernate.annotations.common.Version  - HCANN000001: Hibernate Commons Annotations {5.1.2.Final}
[main] WARN  org.hibernate.orm.connections.pooling  - HHH10001002: Using Hibernate built-in connection pool (not for production use!)
[main] INFO  org.hibernate.orm.connections.pooling  - HHH10001005: using driver [com.mysql.cj.jdbc.Driver] at URL [jdbc:mysql://localhost:3306/employee]
[main] INFO  org.hibernate.orm.connections.pooling  - HHH10001001: Connection properties: {password=****, user=root}
[main] INFO  org.hibernate.orm.connections.pooling  - HHH10001003: Autocommit mode: false
[main] INFO  org.hibernate.engine.jdbc.connections.internal.DriverManagerConnectionProviderImpl  - HHH000115: Hibernate connection pool size: 20 (min=1)
[main] INFO  org.hibernate.dialect.Dialect  - HHH000400: Using dialect: org.hibernate.dialect.MySQL8Dialect
[main] INFO  org.hibernate.Version  - HHH000412: Hibernate ORM core version 5.4.26.Final
[main] INFO  org.hibernate.annotations.common.Version  - HCANN000001: Hibernate Commons Annotations {5.1.2.Final}
[main] WARN  org.hibernate.orm.connections.pooling  - HHH10001002: Using Hibernate built-in connection pool (not for production use!)
[main] INFO  org.hibernate.orm.connections.pooling  - HHH10001005: using driver [com.mysql.cj.jdbc.Driver] at URL [jdbc:mysql://localhost:3306/employee]
[main] INFO  org.hibernate.orm.connections.pooling  - HHH10001001: Connection properties: {password=****, user=root}
[main] INFO  org.hibernate.orm.connections.pooling  - HHH10001003: Autocommit mode: false
[main] INFO  org.hibernate.engine.jdbc.connections.internal.DriverManagerConnectionProviderImpl  - HHH000115: Hibernate connection pool size: 20 (min=1)
[main] INFO  org.hibernate.dialect.Dialect  - HHH000400: Using dialect: org.hibernate.dialect.MySQL8Dialect
[main] INFO  org.hibernate.Version  - HHH000412: Hibernate ORM core version 5.4.26.Final
[main] INFO  org.hibernate.annotations.common.Version  - HCANN000001: Hibernate Commons Annotations {5.1.2.Final}
[main] WARN  org.hibernate.orm.connections.pooling  - HHH10001002: Using Hibernate built-in connection pool (not for production use!)
[main] INFO  org.hibernate.orm.connections.pooling  - HHH10001005: using driver [com.mysql.cj.jdbc.Driver] at URL [jdbc:mysql://localhost:3306/employee]
[main] INFO  org.hibernate.orm.connections.pooling  - HHH10001001: Connection properties: {password=****, user=root}
[main] INFO  org.hibernate.orm.connections.pooling  - HHH10001003: Autocommit mode: false
[main] INFO  org.hibernate.engine.jdbc.connections.internal.DriverManagerConnectionProviderImpl  - HHH000115: Hibernate connection pool size: 20 (min=1)
[main] INFO  org.hibernate.dialect.Dialect  - HHH000400: Using dialect: org.hibernate.dialect.MySQL8Dialect
[main] INFO  org.hibernate.Version  - HHH000412: Hibernate ORM core version 5.4.26.Final
[main] INFO  org.hibernate.annotations.common.Version  - HCANN000001: Hibernate Commons Annotations {5.1.2.Final}
[main] WARN  org.hibernate.orm.connections.pooling  - HHH10001002: Using Hibernate built-in connection pool (not for production use!)
[main] INFO  org.hibernate.orm.connections.pooling  - HHH10001005: using driver [com.mysql.cj.jdbc.Driver] at URL [jdbc:mysql://localhost:3306/employee]
[main] INFO  org.hibernate.orm.connections.pooling  - HHH10001001: Connection properties: {password=****, user=root}
[main] INFO  org.hibernate.orm.connections.pooling  - HHH10001003: Autocommit mode: false
[main] INFO  org.hibernate.engine.jdbc.connections.internal.DriverManagerConnectionProviderImpl  - HHH000115: Hibernate connection pool size: 20 (min=1)
[main] INFO  org.hibernate.dialect.Dialect  - HHH000400: Using dialect: org.hibernate.dialect.MySQL8Dialect
[main] INFO  org.hibernate.Version  - HHH000412: Hibernate ORM core version 5.4.26.Final
[main] INFO  org.hibernate.annotations.common.Version  - HCANN000001: Hibernate Commons Annotations {5.1.2.Final}
[main] WARN  org.hibernate.orm.connections.pooling  - HHH10001002: Using Hibernate built-in connection pool (not for production use!)
[main] INFO  org.hibernate.orm.connections.pooling  - HHH10001005: using driver [com.mysql.cj.jdbc.Driver] at URL [jdbc:mysql://localhost:3306/employee]
[main] INFO  org.hibernate.orm.connections.pooling  - HHH10001001: Connection properties: {password=****, user=root}
[main] INFO  org.hibernate.orm.connections.pooling  - HHH10001003: Autocommit mode: false
[main] INFO  org.hibernate.engine.jdbc.connections.internal.DriverManagerConnectionProviderImpl  - HHH000115: Hibernate connection pool size: 20 (min=1)
[main] INFO  org.hibernate.dialect.Dialect  - HHH000400: Using dialect: org.hibernate.dialect.MySQLInnoDBDialect
[main] INFO  org.hibernate.Version  - HHH000412: Hibernate ORM core version 5.4.26.Final
[main] INFO  org.hibernate.annotations.common.Version  - HCANN000001: Hibernate Commons Annotations {5.1.2.Final}
[main] WARN  org.hibernate.orm.connections.pooling  - HHH10001002: Using Hibernate built-in connection pool (not for production use!)
[main] INFO  org.hibernate.orm.connections.pooling  - HHH10001005: using driver [com.mysql.cj.jdbc.Driver] at URL [jdbc:mysql://localhost:3306/employee]
[main] INFO  org.hibernate.orm.connections.pooling  - HHH10001001: Connection properties: {password=****, autocommit=true, user=root}
[main] INFO  org.hibernate.orm.connections.pooling  - HHH10001003: Autocommit mode: true
[main] INFO  org.hibernate.engine.jdbc.connections.internal.DriverManagerConnectionProviderImpl  - HHH000115: Hibernate connection pool size: 20 (min=1)
[main] INFO  org.hibernate.dialect.Dialect  - HHH000400: Using dialect: org.hibernate.dialect.MySQLInnoDBDialect
[main] INFO  org.hibernate.Version  - HHH000412: Hibernate ORM core version 5.4.26.Final
[main] INFO  org.hibernate.annotations.common.Version  - HCANN000001: Hibernate Commons Annotations {5.1.2.Final}
[main] WARN  org.hibernate.orm.connections.pooling  - HHH10001002: Using Hibernate built-in connection pool (not for production use!)
[main] INFO  org.hibernate.orm.connections.pooling  - HHH10001005: using driver [com.mysql.cj.jdbc.Driver] at URL [jdbc:mysql://localhost:3306/employee]
[main] INFO  org.hibernate.orm.connections.pooling  - HHH10001001: Connection properties: {password=****, autocommit=true, user=root}
[main] INFO  org.hibernate.orm.connections.pooling  - HHH10001003: Autocommit mode: true
[main] INFO  org.hibernate.engine.jdbc.connections.internal.DriverManagerConnectionProviderImpl  - HHH000115: Hibernate connection pool size: 20 (min=1)
[main] INFO  org.hibernate.dialect.Dialect  - HHH000400: Using dialect: org.hibernate.dialect.MySQLInnoDBDialect
[main] INFO  org.hibernate.Version  - HHH000412: Hibernate ORM core version 5.4.26.Final
[main] INFO  org.hibernate.annotations.common.Version  - HCANN000001: Hibernate Commons Annotations {5.1.2.Final}
[main] WARN  org.hibernate.orm.connections.pooling  - HHH10001002: Using Hibernate built-in connection pool (not for production use!)
[main] INFO  org.hibernate.orm.connections.pooling  - HHH10001005: using driver [com.mysql.cj.jdbc.Driver] at URL [jdbc:mysql://localhost:3306/employee]
[main] INFO  org.hibernate.orm.connections.pooling  - HHH10001001: Connection properties: {password=****, autocommit=true, user=root}
[main] INFO  org.hibernate.orm.connections.pooling  - HHH10001003: Autocommit mode: true
[main] INFO  org.hibernate.engine.jdbc.connections.internal.DriverManagerConnectionProviderImpl  - HHH000115: Hibernate connection pool size: 20 (min=1)
[main] INFO  org.hibernate.dialect.Dialect  - HHH000400: Using dialect: org.hibernate.dialect.MySQLInnoDBDialect
[main] INFO  org.hibernate.Version  - HHH000412: Hibernate ORM core version 5.4.26.Final
[main] INFO  org.hibernate.annotations.common.Version  - HCANN000001: Hibernate Commons Annotations {5.1.2.Final}
[main] WARN  org.hibernate.orm.connections.pooling  - HHH10001002: Using Hibernate built-in connection pool (not for production use!)
[main] INFO  org.hibernate.orm.connections.pooling  - HHH10001005: using driver [com.mysql.cj.jdbc.Driver] at URL [jdbc:mysql://localhost:3306/employee]
[main] INFO  org.hibernate.orm.connections.pooling  - HHH10001001: Connection properties: {password=****, autocommit=true, user=root}
[main] INFO  org.hibernate.orm.connections.pooling  - HHH10001003: Autocommit mode: true
[main] INFO  org.hibernate.engine.jdbc.connections.internal.DriverManagerConnectionProviderImpl  - HHH000115: Hibernate connection pool size: 20 (min=1)
[main] INFO  org.hibernate.dialect.Dialect  - HHH000400: Using dialect: org.hibernate.dialect.MySQLInnoDBDialect
[main] INFO  org.hibernate.Version  - HHH000412: Hibernate ORM core version 5.4.26.Final
[main] INFO  org.hibernate.annotations.common.Version  - HCANN000001: Hibernate Commons Annotations {5.1.2.Final}
[main] WARN  org.hibernate.orm.connections.pooling  - HHH10001002: Using Hibernate built-in connection pool (not for production use!)
[main] INFO  org.hibernate.orm.connections.pooling  - HHH10001005: using driver [com.mysql.cj.jdbc.Driver] at URL [jdbc:mysql://localhost:3306/employee]
[main] INFO  org.hibernate.orm.connections.pooling  - HHH10001001: Connection properties: {password=****, autocommit=true, user=root}
[main] INFO  org.hibernate.orm.connections.pooling  - HHH10001003: Autocommit mode: true
[main] INFO  org.hibernate.engine.jdbc.connections.internal.DriverManagerConnectionProviderImpl  - HHH000115: Hibernate connection pool size: 20 (min=1)
[main] INFO  org.hibernate.dialect.Dialect  - HHH000400: Using dialect: org.hibernate.dialect.MySQLDialect
[main] WARN  org.hibernate.tool.schema.internal.ExceptionHandlerLoggedImpl  - GenerationTarget encountered exception accepting command : Error executing DDL "create table employeePojo (id integer not null, age integer not null, name varchar(255), primary key (id)) type=MyISAM" via JDBC Statement
org.hibernate.tool.schema.spi.CommandAcceptanceException: Error executing DDL "create table employeePojo (id integer not null, age integer not null, name varchar(255), primary key (id)) type=MyISAM" via JDBC Statement
	at org.hibernate.tool.schema.internal.exec.GenerationTargetToDatabase.accept(GenerationTargetToDatabase.java:67)
	at org.hibernate.tool.schema.internal.AbstractSchemaMigrator.applySqlString(AbstractSchemaMigrator.java:559)
	at org.hibernate.tool.schema.internal.AbstractSchemaMigrator.applySqlStrings(AbstractSchemaMigrator.java:504)
	at org.hibernate.tool.schema.internal.AbstractSchemaMigrator.createTable(AbstractSchemaMigrator.java:277)
	at org.hibernate.tool.schema.internal.GroupedSchemaMigratorImpl.performTablesMigration(GroupedSchemaMigratorImpl.java:71)
	at org.hibernate.tool.schema.internal.AbstractSchemaMigrator.performMigration(AbstractSchemaMigrator.java:207)
	at org.hibernate.tool.schema.internal.AbstractSchemaMigrator.doMigration(AbstractSchemaMigrator.java:114)
	at org.hibernate.tool.schema.spi.SchemaManagementToolCoordinator.performDatabaseAction(SchemaManagementToolCoordinator.java:184)
	at org.hibernate.tool.schema.spi.SchemaManagementToolCoordinator.process(SchemaManagementToolCoordinator.java:73)
	at org.hibernate.internal.SessionFactoryImpl.<init>(SessionFactoryImpl.java:316)
	at org.hibernate.boot.internal.SessionFactoryBuilderImpl.build(SessionFactoryBuilderImpl.java:469)
	at org.hibernate.cfg.Configuration.buildSessionFactory(Configuration.java:708)
	at employeedb.HibernateUtil.configure(HibernateUtil.java:28)
	at employeedb.App.main(App.java:10)
Caused by: java.sql.SQLSyntaxErrorException: You have an error in your SQL syntax; check the manual that corresponds to your MySQL server version for the right syntax to use near 'type=MyISAM' at line 1
	at com.mysql.cj.jdbc.exceptions.SQLError.createSQLException(SQLError.java:120)
	at com.mysql.cj.jdbc.exceptions.SQLError.createSQLException(SQLError.java:97)
	at com.mysql.cj.jdbc.exceptions.SQLExceptionsMapping.translateException(SQLExceptionsMapping.java:122)
	at com.mysql.cj.jdbc.StatementImpl.executeInternal(StatementImpl.java:764)
	at com.mysql.cj.jdbc.StatementImpl.execute(StatementImpl.java:648)
	at org.hibernate.tool.schema.internal.exec.GenerationTargetToDatabase.accept(GenerationTargetToDatabase.java:54)
	... 13 more
[main] INFO  org.hibernate.Version  - HHH000412: Hibernate ORM core version 5.4.26.Final
[main] INFO  org.hibernate.annotations.common.Version  - HCANN000001: Hibernate Commons Annotations {5.1.2.Final}
[main] WARN  org.hibernate.orm.connections.pooling  - HHH10001002: Using Hibernate built-in connection pool (not for production use!)
[main] INFO  org.hibernate.orm.connections.pooling  - HHH10001005: using driver [com.mysql.cj.jdbc.Driver] at URL [jdbc:mysql://localhost:3306/employee]
[main] INFO  org.hibernate.orm.connections.pooling  - HHH10001001: Connection properties: {password=****, user=root}
[main] INFO  org.hibernate.orm.connections.pooling  - HHH10001003: Autocommit mode: false
[main] INFO  org.hibernate.engine.jdbc.connections.internal.DriverManagerConnectionProviderImpl  - HHH000115: Hibernate connection pool size: 20 (min=1)
[main] INFO  org.hibernate.dialect.Dialect  - HHH000400: Using dialect: org.hibernate.dialect.MySQLDialect
[main] INFO  org.hibernate.orm.connections.access  - HHH10001501: Connection obtained from JdbcConnectionAccess [org.hibernate.engine.jdbc.env.internal.JdbcEnvironmentInitiator$ConnectionProviderJdbcConnectionAccess@37637a24] for (non-JTA) DDL execution was not in auto-commit mode; the Connection 'local transaction' will be committed and the Connection will be set into auto-commit mode.
[main] WARN  org.hibernate.tool.schema.internal.ExceptionHandlerLoggedImpl  - GenerationTarget encountered exception accepting command : Error executing DDL "create table employeePojo (id integer not null, age integer not null, name varchar(255), primary key (id)) type=MyISAM" via JDBC Statement
org.hibernate.tool.schema.spi.CommandAcceptanceException: Error executing DDL "create table employeePojo (id integer not null, age integer not null, name varchar(255), primary key (id)) type=MyISAM" via JDBC Statement
	at org.hibernate.tool.schema.internal.exec.GenerationTargetToDatabase.accept(GenerationTargetToDatabase.java:67)
	at org.hibernate.tool.schema.internal.AbstractSchemaMigrator.applySqlString(AbstractSchemaMigrator.java:559)
	at org.hibernate.tool.schema.internal.AbstractSchemaMigrator.applySqlStrings(AbstractSchemaMigrator.java:504)
	at org.hibernate.tool.schema.internal.AbstractSchemaMigrator.createTable(AbstractSchemaMigrator.java:277)
	at org.hibernate.tool.schema.internal.GroupedSchemaMigratorImpl.performTablesMigration(GroupedSchemaMigratorImpl.java:71)
	at org.hibernate.tool.schema.internal.AbstractSchemaMigrator.performMigration(AbstractSchemaMigrator.java:207)
	at org.hibernate.tool.schema.internal.AbstractSchemaMigrator.doMigration(AbstractSchemaMigrator.java:114)
	at org.hibernate.tool.schema.spi.SchemaManagementToolCoordinator.performDatabaseAction(SchemaManagementToolCoordinator.java:184)
	at org.hibernate.tool.schema.spi.SchemaManagementToolCoordinator.process(SchemaManagementToolCoordinator.java:73)
	at org.hibernate.internal.SessionFactoryImpl.<init>(SessionFactoryImpl.java:316)
	at org.hibernate.boot.internal.SessionFactoryBuilderImpl.build(SessionFactoryBuilderImpl.java:469)
	at org.hibernate.cfg.Configuration.buildSessionFactory(Configuration.java:708)
	at employeedb.HibernateUtil.configure(HibernateUtil.java:28)
	at employeedb.App.main(App.java:10)
Caused by: java.sql.SQLSyntaxErrorException: You have an error in your SQL syntax; check the manual that corresponds to your MySQL server version for the right syntax to use near 'type=MyISAM' at line 1
	at com.mysql.cj.jdbc.exceptions.SQLError.createSQLException(SQLError.java:120)
	at com.mysql.cj.jdbc.exceptions.SQLError.createSQLException(SQLError.java:97)
	at com.mysql.cj.jdbc.exceptions.SQLExceptionsMapping.translateException(SQLExceptionsMapping.java:122)
	at com.mysql.cj.jdbc.StatementImpl.executeInternal(StatementImpl.java:764)
	at com.mysql.cj.jdbc.StatementImpl.execute(StatementImpl.java:648)
	at org.hibernate.tool.schema.internal.exec.GenerationTargetToDatabase.accept(GenerationTargetToDatabase.java:54)
	... 13 more
[main] INFO  org.hibernate.Version  - HHH000412: Hibernate ORM core version 5.4.26.Final
[main] INFO  org.hibernate.annotations.common.Version  - HCANN000001: Hibernate Commons Annotations {5.1.2.Final}
[main] WARN  org.hibernate.orm.connections.pooling  - HHH10001002: Using Hibernate built-in connection pool (not for production use!)
[main] INFO  org.hibernate.orm.connections.pooling  - HHH10001005: using driver [com.mysql.cj.jdbc.Driver] at URL [jdbc:mysql://localhost:3306/employee]
[main] INFO  org.hibernate.orm.connections.pooling  - HHH10001001: Connection properties: {password=****, user=root}
[main] INFO  org.hibernate.orm.connections.pooling  - HHH10001003: Autocommit mode: false
[main] INFO  org.hibernate.engine.jdbc.connections.internal.DriverManagerConnectionProviderImpl  - HHH000115: Hibernate connection pool size: 20 (min=1)
[main] INFO  org.hibernate.dialect.Dialect  - HHH000400: Using dialect: org.hibernate.dialect.MySQLDialect
[main] INFO  org.hibernate.orm.connections.access  - HHH10001501: Connection obtained from JdbcConnectionAccess [org.hibernate.engine.jdbc.env.internal.JdbcEnvironmentInitiator$ConnectionProviderJdbcConnectionAccess@37637a24] for (non-JTA) DDL execution was not in auto-commit mode; the Connection 'local transaction' will be committed and the Connection will be set into auto-commit mode.
[main] WARN  org.hibernate.tool.schema.internal.ExceptionHandlerLoggedImpl  - GenerationTarget encountered exception accepting command : Error executing DDL "create table employeePojo (id integer not null, age integer not null, name varchar(255), primary key (id)) type=MyISAM" via JDBC Statement
org.hibernate.tool.schema.spi.CommandAcceptanceException: Error executing DDL "create table employeePojo (id integer not null, age integer not null, name varchar(255), primary key (id)) type=MyISAM" via JDBC Statement
	at org.hibernate.tool.schema.internal.exec.GenerationTargetToDatabase.accept(GenerationTargetToDatabase.java:67)
	at org.hibernate.tool.schema.internal.AbstractSchemaMigrator.applySqlString(AbstractSchemaMigrator.java:559)
	at org.hibernate.tool.schema.internal.AbstractSchemaMigrator.applySqlStrings(AbstractSchemaMigrator.java:504)
	at org.hibernate.tool.schema.internal.AbstractSchemaMigrator.createTable(AbstractSchemaMigrator.java:277)
	at org.hibernate.tool.schema.internal.GroupedSchemaMigratorImpl.performTablesMigration(GroupedSchemaMigratorImpl.java:71)
	at org.hibernate.tool.schema.internal.AbstractSchemaMigrator.performMigration(AbstractSchemaMigrator.java:207)
	at org.hibernate.tool.schema.internal.AbstractSchemaMigrator.doMigration(AbstractSchemaMigrator.java:114)
	at org.hibernate.tool.schema.spi.SchemaManagementToolCoordinator.performDatabaseAction(SchemaManagementToolCoordinator.java:184)
	at org.hibernate.tool.schema.spi.SchemaManagementToolCoordinator.process(SchemaManagementToolCoordinator.java:73)
	at org.hibernate.internal.SessionFactoryImpl.<init>(SessionFactoryImpl.java:316)
	at org.hibernate.boot.internal.SessionFactoryBuilderImpl.build(SessionFactoryBuilderImpl.java:469)
	at org.hibernate.cfg.Configuration.buildSessionFactory(Configuration.java:708)
	at employeedb.HibernateUtil.configure(HibernateUtil.java:28)
	at employeedb.App.main(App.java:10)
Caused by: java.sql.SQLSyntaxErrorException: You have an error in your SQL syntax; check the manual that corresponds to your MySQL server version for the right syntax to use near 'type=MyISAM' at line 1
	at com.mysql.cj.jdbc.exceptions.SQLError.createSQLException(SQLError.java:120)
	at com.mysql.cj.jdbc.exceptions.SQLError.createSQLException(SQLError.java:97)
	at com.mysql.cj.jdbc.exceptions.SQLExceptionsMapping.translateException(SQLExceptionsMapping.java:122)
	at com.mysql.cj.jdbc.StatementImpl.executeInternal(StatementImpl.java:764)
	at com.mysql.cj.jdbc.StatementImpl.execute(StatementImpl.java:648)
	at org.hibernate.tool.schema.internal.exec.GenerationTargetToDatabase.accept(GenerationTargetToDatabase.java:54)
	... 13 more
[main] INFO  org.hibernate.Version  - HHH000412: Hibernate ORM core version 5.4.26.Final
[main] INFO  org.hibernate.annotations.common.Version  - HCANN000001: Hibernate Commons Annotations {5.1.2.Final}
[main] WARN  org.hibernate.orm.connections.pooling  - HHH10001002: Using Hibernate built-in connection pool (not for production use!)
[main] INFO  org.hibernate.orm.connections.pooling  - HHH10001005: using driver [com.mysql.cj.jdbc.Driver] at URL [jdbc:mysql://localhost:3306/employee]
[main] INFO  org.hibernate.orm.connections.pooling  - HHH10001001: Connection properties: {password=****, user=root}
[main] INFO  org.hibernate.orm.connections.pooling  - HHH10001003: Autocommit mode: false
[main] INFO  org.hibernate.engine.jdbc.connections.internal.DriverManagerConnectionProviderImpl  - HHH000115: Hibernate connection pool size: 20 (min=1)
[main] INFO  org.hibernate.dialect.Dialect  - HHH000400: Using dialect: org.hibernate.dialect.MySQLDialect
[main] INFO  org.hibernate.orm.connections.access  - HHH10001501: Connection obtained from JdbcConnectionAccess [org.hibernate.engine.jdbc.env.internal.JdbcEnvironmentInitiator$ConnectionProviderJdbcConnectionAccess@37637a24] for (non-JTA) DDL execution was not in auto-commit mode; the Connection 'local transaction' will be committed and the Connection will be set into auto-commit mode.
[main] WARN  org.hibernate.tool.schema.internal.ExceptionHandlerLoggedImpl  - GenerationTarget encountered exception accepting command : Error executing DDL "create table employeePojo (id integer not null, age integer not null, name varchar(255), primary key (id)) type=MyISAM" via JDBC Statement
org.hibernate.tool.schema.spi.CommandAcceptanceException: Error executing DDL "create table employeePojo (id integer not null, age integer not null, name varchar(255), primary key (id)) type=MyISAM" via JDBC Statement
	at org.hibernate.tool.schema.internal.exec.GenerationTargetToDatabase.accept(GenerationTargetToDatabase.java:67)
	at org.hibernate.tool.schema.internal.AbstractSchemaMigrator.applySqlString(AbstractSchemaMigrator.java:559)
	at org.hibernate.tool.schema.internal.AbstractSchemaMigrator.applySqlStrings(AbstractSchemaMigrator.java:504)
	at org.hibernate.tool.schema.internal.AbstractSchemaMigrator.createTable(AbstractSchemaMigrator.java:277)
	at org.hibernate.tool.schema.internal.GroupedSchemaMigratorImpl.performTablesMigration(GroupedSchemaMigratorImpl.java:71)
	at org.hibernate.tool.schema.internal.AbstractSchemaMigrator.performMigration(AbstractSchemaMigrator.java:207)
	at org.hibernate.tool.schema.internal.AbstractSchemaMigrator.doMigration(AbstractSchemaMigrator.java:114)
	at org.hibernate.tool.schema.spi.SchemaManagementToolCoordinator.performDatabaseAction(SchemaManagementToolCoordinator.java:184)
	at org.hibernate.tool.schema.spi.SchemaManagementToolCoordinator.process(SchemaManagementToolCoordinator.java:73)
	at org.hibernate.internal.SessionFactoryImpl.<init>(SessionFactoryImpl.java:316)
	at org.hibernate.boot.internal.SessionFactoryBuilderImpl.build(SessionFactoryBuilderImpl.java:469)
	at org.hibernate.cfg.Configuration.buildSessionFactory(Configuration.java:708)
	at employeedb.HibernateUtil.configure(HibernateUtil.java:28)
	at employeedb.App.main(App.java:10)
Caused by: java.sql.SQLSyntaxErrorException: You have an error in your SQL syntax; check the manual that corresponds to your MySQL server version for the right syntax to use near 'type=MyISAM' at line 1
	at com.mysql.cj.jdbc.exceptions.SQLError.createSQLException(SQLError.java:120)
	at com.mysql.cj.jdbc.exceptions.SQLError.createSQLException(SQLError.java:97)
	at com.mysql.cj.jdbc.exceptions.SQLExceptionsMapping.translateException(SQLExceptionsMapping.java:122)
	at com.mysql.cj.jdbc.StatementImpl.executeInternal(StatementImpl.java:764)
	at com.mysql.cj.jdbc.StatementImpl.execute(StatementImpl.java:648)
	at org.hibernate.tool.schema.internal.exec.GenerationTargetToDatabase.accept(GenerationTargetToDatabase.java:54)
	... 13 more
[main] INFO  org.hibernate.Version  - HHH000412: Hibernate Core {5.4.0.Final}
[main] INFO  org.hibernate.cfg.Environment  - HHH000206: hibernate.properties not found
[main] INFO  org.hibernate.annotations.common.Version  - HCANN000001: Hibernate Commons Annotations {5.1.0.Final}
[main] WARN  org.hibernate.orm.connections.pooling  - HHH10001002: Using Hibernate built-in connection pool (not for production use!)
[main] INFO  org.hibernate.orm.connections.pooling  - HHH10001005: using driver [com.mysql.cj.jdbc.Driver] at URL [jdbc:mysql://localhost:3306/employee]
[main] INFO  org.hibernate.orm.connections.pooling  - HHH10001001: Connection properties: {password=****, user=root}
[main] INFO  org.hibernate.orm.connections.pooling  - HHH10001003: Autocommit mode: false
[main] INFO  org.hibernate.engine.jdbc.connections.internal.DriverManagerConnectionProviderImpl  - HHH000115: Hibernate connection pool size: 20 (min=1)
[main] INFO  org.hibernate.dialect.Dialect  - HHH000400: Using dialect: org.hibernate.dialect.MySQLDialect
[main] INFO  org.hibernate.orm.connections.access  - HHH10001501: Connection obtained from JdbcConnectionAccess [org.hibernate.engine.jdbc.env.internal.JdbcEnvironmentInitiator$ConnectionProviderJdbcConnectionAccess@6c1cfa53] for (non-JTA) DDL execution was not in auto-commit mode; the Connection 'local transaction' will be committed and the Connection will be set into auto-commit mode.
[main] WARN  org.hibernate.tool.schema.internal.ExceptionHandlerLoggedImpl  - GenerationTarget encountered exception accepting command : Error executing DDL "create table employeePojo (id integer not null, age integer not null, name varchar(255), primary key (id)) type=MyISAM" via JDBC Statement
org.hibernate.tool.schema.spi.CommandAcceptanceException: Error executing DDL "create table employeePojo (id integer not null, age integer not null, name varchar(255), primary key (id)) type=MyISAM" via JDBC Statement
	at org.hibernate.tool.schema.internal.exec.GenerationTargetToDatabase.accept(GenerationTargetToDatabase.java:67)
	at org.hibernate.tool.schema.internal.AbstractSchemaMigrator.applySqlString(AbstractSchemaMigrator.java:559)
	at org.hibernate.tool.schema.internal.AbstractSchemaMigrator.applySqlStrings(AbstractSchemaMigrator.java:504)
	at org.hibernate.tool.schema.internal.AbstractSchemaMigrator.createTable(AbstractSchemaMigrator.java:277)
	at org.hibernate.tool.schema.internal.GroupedSchemaMigratorImpl.performTablesMigration(GroupedSchemaMigratorImpl.java:71)
	at org.hibernate.tool.schema.internal.AbstractSchemaMigrator.performMigration(AbstractSchemaMigrator.java:207)
	at org.hibernate.tool.schema.internal.AbstractSchemaMigrator.doMigration(AbstractSchemaMigrator.java:114)
	at org.hibernate.tool.schema.spi.SchemaManagementToolCoordinator.performDatabaseAction(SchemaManagementToolCoordinator.java:183)
	at org.hibernate.tool.schema.spi.SchemaManagementToolCoordinator.process(SchemaManagementToolCoordinator.java:72)
	at org.hibernate.internal.SessionFactoryImpl.<init>(SessionFactoryImpl.java:309)
	at org.hibernate.boot.internal.SessionFactoryBuilderImpl.build(SessionFactoryBuilderImpl.java:462)
	at org.hibernate.cfg.Configuration.buildSessionFactory(Configuration.java:708)
	at employeedb.HibernateUtil.configure(HibernateUtil.java:28)
	at employeedb.App.main(App.java:10)
Caused by: java.sql.SQLSyntaxErrorException: You have an error in your SQL syntax; check the manual that corresponds to your MySQL server version for the right syntax to use near 'type=MyISAM' at line 1
	at com.mysql.cj.jdbc.exceptions.SQLError.createSQLException(SQLError.java:120)
	at com.mysql.cj.jdbc.exceptions.SQLError.createSQLException(SQLError.java:97)
	at com.mysql.cj.jdbc.exceptions.SQLExceptionsMapping.translateException(SQLExceptionsMapping.java:122)
	at com.mysql.cj.jdbc.StatementImpl.executeInternal(StatementImpl.java:764)
	at com.mysql.cj.jdbc.StatementImpl.execute(StatementImpl.java:648)
	at org.hibernate.tool.schema.internal.exec.GenerationTargetToDatabase.accept(GenerationTargetToDatabase.java:54)
	... 13 more
[main] INFO  org.hibernate.Version  - HHH000412: Hibernate Core {5.4.0.Final}
[main] INFO  org.hibernate.cfg.Environment  - HHH000206: hibernate.properties not found
[main] INFO  org.hibernate.annotations.common.Version  - HCANN000001: Hibernate Commons Annotations {5.1.0.Final}
[main] WARN  org.hibernate.orm.connections.pooling  - HHH10001002: Using Hibernate built-in connection pool (not for production use!)
[main] INFO  org.hibernate.orm.connections.pooling  - HHH10001005: using driver [com.mysql.cj.jdbc.Driver] at URL [jdbc:mysql://localhost:3306/employee]
[main] INFO  org.hibernate.orm.connections.pooling  - HHH10001001: Connection properties: {password=****, user=root}
[main] INFO  org.hibernate.orm.connections.pooling  - HHH10001003: Autocommit mode: false
[main] INFO  org.hibernate.engine.jdbc.connections.internal.DriverManagerConnectionProviderImpl  - HHH000115: Hibernate connection pool size: 20 (min=1)
[main] INFO  org.hibernate.dialect.Dialect  - HHH000400: Using dialect: org.hibernate.dialect.MySQLDialect
[main] INFO  org.hibernate.orm.connections.access  - HHH10001501: Connection obtained from JdbcConnectionAccess [org.hibernate.engine.jdbc.env.internal.JdbcEnvironmentInitiator$ConnectionProviderJdbcConnectionAccess@6c1cfa53] for (non-JTA) DDL execution was not in auto-commit mode; the Connection 'local transaction' will be committed and the Connection will be set into auto-commit mode.
[main] WARN  org.hibernate.tool.schema.internal.ExceptionHandlerLoggedImpl  - GenerationTarget encountered exception accepting command : Error executing DDL "create table employeePojo (id integer not null, age integer not null, name varchar(255), primary key (id)) type=MyISAM" via JDBC Statement
org.hibernate.tool.schema.spi.CommandAcceptanceException: Error executing DDL "create table employeePojo (id integer not null, age integer not null, name varchar(255), primary key (id)) type=MyISAM" via JDBC Statement
	at org.hibernate.tool.schema.internal.exec.GenerationTargetToDatabase.accept(GenerationTargetToDatabase.java:67)
	at org.hibernate.tool.schema.internal.AbstractSchemaMigrator.applySqlString(AbstractSchemaMigrator.java:559)
	at org.hibernate.tool.schema.internal.AbstractSchemaMigrator.applySqlStrings(AbstractSchemaMigrator.java:504)
	at org.hibernate.tool.schema.internal.AbstractSchemaMigrator.createTable(AbstractSchemaMigrator.java:277)
	at org.hibernate.tool.schema.internal.GroupedSchemaMigratorImpl.performTablesMigration(GroupedSchemaMigratorImpl.java:71)
	at org.hibernate.tool.schema.internal.AbstractSchemaMigrator.performMigration(AbstractSchemaMigrator.java:207)
	at org.hibernate.tool.schema.internal.AbstractSchemaMigrator.doMigration(AbstractSchemaMigrator.java:114)
	at org.hibernate.tool.schema.spi.SchemaManagementToolCoordinator.performDatabaseAction(SchemaManagementToolCoordinator.java:183)
	at org.hibernate.tool.schema.spi.SchemaManagementToolCoordinator.process(SchemaManagementToolCoordinator.java:72)
	at org.hibernate.internal.SessionFactoryImpl.<init>(SessionFactoryImpl.java:309)
	at org.hibernate.boot.internal.SessionFactoryBuilderImpl.build(SessionFactoryBuilderImpl.java:462)
	at org.hibernate.cfg.Configuration.buildSessionFactory(Configuration.java:708)
	at employeedb.HibernateUtil.configure(HibernateUtil.java:28)
	at employeedb.App.main(App.java:10)
Caused by: java.sql.SQLSyntaxErrorException: You have an error in your SQL syntax; check the manual that corresponds to your MySQL server version for the right syntax to use near 'type=MyISAM' at line 1
	at com.mysql.cj.jdbc.exceptions.SQLError.createSQLException(SQLError.java:120)
	at com.mysql.cj.jdbc.exceptions.SQLError.createSQLException(SQLError.java:97)
	at com.mysql.cj.jdbc.exceptions.SQLExceptionsMapping.translateException(SQLExceptionsMapping.java:122)
	at com.mysql.cj.jdbc.StatementImpl.executeInternal(StatementImpl.java:764)
	at com.mysql.cj.jdbc.StatementImpl.execute(StatementImpl.java:648)
	at org.hibernate.tool.schema.internal.exec.GenerationTargetToDatabase.accept(GenerationTargetToDatabase.java:54)
	... 13 more
[main] INFO  org.hibernate.Version  - HHH000412: Hibernate Core {5.4.0.Final}
[main] INFO  org.hibernate.cfg.Environment  - HHH000206: hibernate.properties not found
[main] INFO  org.hibernate.annotations.common.Version  - HCANN000001: Hibernate Commons Annotations {5.1.0.Final}
[main] WARN  org.hibernate.orm.connections.pooling  - HHH10001002: Using Hibernate built-in connection pool (not for production use!)
[main] INFO  org.hibernate.orm.connections.pooling  - HHH10001005: using driver [com.mysql.cj.jdbc.Driver] at URL [jdbc:mysql://localhost:3306/employee]
[main] INFO  org.hibernate.orm.connections.pooling  - HHH10001001: Connection properties: {password=****, user=root}
[main] INFO  org.hibernate.orm.connections.pooling  - HHH10001003: Autocommit mode: false
[main] INFO  org.hibernate.engine.jdbc.connections.internal.DriverManagerConnectionProviderImpl  - HHH000115: Hibernate connection pool size: 20 (min=1)
[main] INFO  org.hibernate.dialect.Dialect  - HHH000400: Using dialect: org.hibernate.dialect.MySQLDialect
[main] INFO  org.hibernate.orm.connections.access  - HHH10001501: Connection obtained from JdbcConnectionAccess [org.hibernate.engine.jdbc.env.internal.JdbcEnvironmentInitiator$ConnectionProviderJdbcConnectionAccess@6c1cfa53] for (non-JTA) DDL execution was not in auto-commit mode; the Connection 'local transaction' will be committed and the Connection will be set into auto-commit mode.
[main] WARN  org.hibernate.tool.schema.internal.ExceptionHandlerLoggedImpl  - GenerationTarget encountered exception accepting command : Error executing DDL "create table employeePojo (id integer not null, age integer not null, name varchar(255), primary key (id)) type=MyISAM" via JDBC Statement
org.hibernate.tool.schema.spi.CommandAcceptanceException: Error executing DDL "create table employeePojo (id integer not null, age integer not null, name varchar(255), primary key (id)) type=MyISAM" via JDBC Statement
	at org.hibernate.tool.schema.internal.exec.GenerationTargetToDatabase.accept(GenerationTargetToDatabase.java:67)
	at org.hibernate.tool.schema.internal.AbstractSchemaMigrator.applySqlString(AbstractSchemaMigrator.java:559)
	at org.hibernate.tool.schema.internal.AbstractSchemaMigrator.applySqlStrings(AbstractSchemaMigrator.java:504)
	at org.hibernate.tool.schema.internal.AbstractSchemaMigrator.createTable(AbstractSchemaMigrator.java:277)
	at org.hibernate.tool.schema.internal.GroupedSchemaMigratorImpl.performTablesMigration(GroupedSchemaMigratorImpl.java:71)
	at org.hibernate.tool.schema.internal.AbstractSchemaMigrator.performMigration(AbstractSchemaMigrator.java:207)
	at org.hibernate.tool.schema.internal.AbstractSchemaMigrator.doMigration(AbstractSchemaMigrator.java:114)
	at org.hibernate.tool.schema.spi.SchemaManagementToolCoordinator.performDatabaseAction(SchemaManagementToolCoordinator.java:183)
	at org.hibernate.tool.schema.spi.SchemaManagementToolCoordinator.process(SchemaManagementToolCoordinator.java:72)
	at org.hibernate.internal.SessionFactoryImpl.<init>(SessionFactoryImpl.java:309)
	at org.hibernate.boot.internal.SessionFactoryBuilderImpl.build(SessionFactoryBuilderImpl.java:462)
	at org.hibernate.cfg.Configuration.buildSessionFactory(Configuration.java:708)
	at employeedb.HibernateUtil.configure(HibernateUtil.java:28)
	at employeedb.App.main(App.java:10)
Caused by: java.sql.SQLSyntaxErrorException: You have an error in your SQL syntax; check the manual that corresponds to your MySQL server version for the right syntax to use near 'type=MyISAM' at line 1
	at com.mysql.cj.jdbc.exceptions.SQLError.createSQLException(SQLError.java:120)
	at com.mysql.cj.jdbc.exceptions.SQLError.createSQLException(SQLError.java:97)
	at com.mysql.cj.jdbc.exceptions.SQLExceptionsMapping.translateException(SQLExceptionsMapping.java:122)
	at com.mysql.cj.jdbc.StatementImpl.executeInternal(StatementImpl.java:764)
	at com.mysql.cj.jdbc.StatementImpl.execute(StatementImpl.java:648)
	at org.hibernate.tool.schema.internal.exec.GenerationTargetToDatabase.accept(GenerationTargetToDatabase.java:54)
	... 13 more
[main] INFO  org.hibernate.Version  - HHH000412: Hibernate Core {5.4.0.Final}
[main] INFO  org.hibernate.cfg.Environment  - HHH000206: hibernate.properties not found
[main] INFO  org.hibernate.annotations.common.Version  - HCANN000001: Hibernate Commons Annotations {5.1.0.Final}
[main] WARN  org.hibernate.orm.connections.pooling  - HHH10001002: Using Hibernate built-in connection pool (not for production use!)
[main] INFO  org.hibernate.orm.connections.pooling  - HHH10001005: using driver [com.mysql.cj.jdbc.Driver] at URL [jdbc:mysql://localhost:3306/employee]
[main] INFO  org.hibernate.orm.connections.pooling  - HHH10001001: Connection properties: {password=****, user=root}
[main] INFO  org.hibernate.orm.connections.pooling  - HHH10001003: Autocommit mode: false
[main] INFO  org.hibernate.engine.jdbc.connections.internal.DriverManagerConnectionProviderImpl  - HHH000115: Hibernate connection pool size: 20 (min=1)
[main] INFO  org.hibernate.dialect.Dialect  - HHH000400: Using dialect: org.hibernate.dialect.MySQL5Dialect
[main] INFO  org.hibernate.orm.connections.access  - HHH10001501: Connection obtained from JdbcConnectionAccess [org.hibernate.engine.jdbc.env.internal.JdbcEnvironmentInitiator$ConnectionProviderJdbcConnectionAccess@37d28f02] for (non-JTA) DDL execution was not in auto-commit mode; the Connection 'local transaction' will be committed and the Connection will be set into auto-commit mode.
[main] INFO  org.hibernate.Version  - HHH000412: Hibernate Core {5.4.0.Final}
[main] INFO  org.hibernate.cfg.Environment  - HHH000206: hibernate.properties not found
[main] INFO  org.hibernate.annotations.common.Version  - HCANN000001: Hibernate Commons Annotations {5.1.0.Final}
[main] WARN  org.hibernate.orm.connections.pooling  - HHH10001002: Using Hibernate built-in connection pool (not for production use!)
[main] INFO  org.hibernate.orm.connections.pooling  - HHH10001005: using driver [com.mysql.cj.jdbc.Driver] at URL [jdbc:mysql://localhost:3306/employee]
[main] INFO  org.hibernate.orm.connections.pooling  - HHH10001001: Connection properties: {password=****, user=root}
[main] INFO  org.hibernate.orm.connections.pooling  - HHH10001003: Autocommit mode: false
[main] INFO  org.hibernate.engine.jdbc.connections.internal.DriverManagerConnectionProviderImpl  - HHH000115: Hibernate connection pool size: 20 (min=1)
[main] INFO  org.hibernate.dialect.Dialect  - HHH000400: Using dialect: org.hibernate.dialect.MySQL5Dialect
[main] INFO  org.hibernate.orm.connections.access  - HHH10001501: Connection obtained from JdbcConnectionAccess [org.hibernate.engine.jdbc.env.internal.JdbcEnvironmentInitiator$ConnectionProviderJdbcConnectionAccess@37d28f02] for (non-JTA) DDL execution was not in auto-commit mode; the Connection 'local transaction' will be committed and the Connection will be set into auto-commit mode.
[main] INFO  org.hibernate.hql.internal.QueryTranslatorFactoryInitiator  - HHH000397: Using ASTQueryTranslatorFactory
[main] ERROR employeedb.EmployeeHibernateApi  - inserting employee
[main] ERROR employeedb.EmployeeHibernateApi  - inserting employee
[main] ERROR employeedb.EmployeeHibernateApi  - inserting employee
[main] ERROR employeedb.EmployeeHibernateApi  - inserting employee
[main] ERROR employeedb.EmployeeHibernateApi  - inserting employee
[main] INFO  employeedb.EmployeeHibernateApi  - selecting all employee
[main] WARN  employeedb.EmployeeHibernateApi  - employee id: 0, name: username0, age: 20
[main] WARN  employeedb.EmployeeHibernateApi  - employee id: 1, name: username1, age: 21
[main] WARN  employeedb.EmployeeHibernateApi  - employee id: 2, name: username2, age: 22
[main] WARN  employeedb.EmployeeHibernateApi  - employee id: 3, name: username3, age: 23
[main] WARN  employeedb.EmployeeHibernateApi  - employee id: 4, name: username4, age: 24
[main] INFO  org.hibernate.Version  - HHH000412: Hibernate Core {5.4.0.Final}
[main] INFO  org.hibernate.cfg.Environment  - HHH000206: hibernate.properties not found
[main] INFO  org.hibernate.annotations.common.Version  - HCANN000001: Hibernate Commons Annotations {5.1.0.Final}
[main] WARN  org.hibernate.orm.connections.pooling  - HHH10001002: Using Hibernate built-in connection pool (not for production use!)
[main] INFO  org.hibernate.orm.connections.pooling  - HHH10001005: using driver [com.mysql.cj.jdbc.Driver] at URL [jdbc:mysql://localhost:3306/employee]
[main] INFO  org.hibernate.orm.connections.pooling  - HHH10001001: Connection properties: {password=****, user=root}
[main] INFO  org.hibernate.orm.connections.pooling  - HHH10001003: Autocommit mode: false
[main] INFO  org.hibernate.engine.jdbc.connections.internal.DriverManagerConnectionProviderImpl  - HHH000115: Hibernate connection pool size: 20 (min=1)
[main] INFO  org.hibernate.dialect.Dialect  - HHH000400: Using dialect: org.hibernate.dialect.MySQL5Dialect
[main] INFO  org.hibernate.orm.connections.access  - HHH10001501: Connection obtained from JdbcConnectionAccess [org.hibernate.engine.jdbc.env.internal.JdbcEnvironmentInitiator$ConnectionProviderJdbcConnectionAccess@1a500561] for (non-JTA) DDL execution was not in auto-commit mode; the Connection 'local transaction' will be committed and the Connection will be set into auto-commit mode.
[main] INFO  org.hibernate.hql.internal.QueryTranslatorFactoryInitiator  - HHH000397: Using ASTQueryTranslatorFactory
[main] INFO  employeedb.EmployeeHibernateApi  - inserting employee
[main] INFO  employeedb.EmployeeHibernateApi  - inserting employee
[main] INFO  employeedb.EmployeeHibernateApi  - inserting employee
[main] INFO  employeedb.EmployeeHibernateApi  - inserting employee
[main] INFO  employeedb.EmployeeHibernateApi  - inserting employee
[main] INFO  employeedb.EmployeeHibernateApi  - selecting all employee
[main] WARN  employeedb.EmployeeHibernateApi  - employee id: 4, name: username4, age: 24
[main] WARN  employeedb.EmployeeHibernateApi  - employee id: 3, name: username3, age: 23
[main] WARN  employeedb.EmployeeHibernateApi  - employee id: 2, name: username2, age: 22
[main] WARN  employeedb.EmployeeHibernateApi  - employee id: 1, name: username1, age: 21
[main] WARN  employeedb.EmployeeHibernateApi  - employee id: 0, name: username0, age: 20
[main] INFO  org.hibernate.Version  - HHH000412: Hibernate Core {5.4.0.Final}
[main] INFO  org.hibernate.cfg.Environment  - HHH000206: hibernate.properties not found
[main] INFO  org.hibernate.annotations.common.Version  - HCANN000001: Hibernate Commons Annotations {5.1.0.Final}
[main] WARN  org.hibernate.orm.connections.pooling  - HHH10001002: Using Hibernate built-in connection pool (not for production use!)
[main] INFO  org.hibernate.orm.connections.pooling  - HHH10001005: using driver [com.mysql.cj.jdbc.Driver] at URL [jdbc:mysql://localhost:3306/employee]
[main] INFO  org.hibernate.orm.connections.pooling  - HHH10001001: Connection properties: {password=****, user=root}
[main] INFO  org.hibernate.orm.connections.pooling  - HHH10001003: Autocommit mode: false
[main] INFO  org.hibernate.engine.jdbc.connections.internal.DriverManagerConnectionProviderImpl  - HHH000115: Hibernate connection pool size: 20 (min=1)
[main] INFO  org.hibernate.dialect.Dialect  - HHH000400: Using dialect: org.hibernate.dialect.MySQL5Dialect
[main] INFO  org.hibernate.orm.connections.access  - HHH10001501: Connection obtained from JdbcConnectionAccess [org.hibernate.engine.jdbc.env.internal.JdbcEnvironmentInitiator$ConnectionProviderJdbcConnectionAccess@37d28f02] for (non-JTA) DDL execution was not in auto-commit mode; the Connection 'local transaction' will be committed and the Connection will be set into auto-commit mode.
[main] INFO  org.hibernate.hql.internal.QueryTranslatorFactoryInitiator  - HHH000397: Using ASTQueryTranslatorFactory
[main] INFO  employeedb.EmployeeHibernateApi  - inserting employee
[main] INFO  employeedb.EmployeeHibernateApi  - inserting employee
[main] INFO  employeedb.EmployeeHibernateApi  - inserting employee
[main] INFO  employeedb.EmployeeHibernateApi  - inserting employee
[main] INFO  employeedb.EmployeeHibernateApi  - inserting employee
[main] INFO  employeedb.EmployeeHibernateApi  - selecting all employee
[main] WARN  employeedb.EmployeeHibernateApi  - employee id: 4, name: username4, age: 24
[main] WARN  employeedb.EmployeeHibernateApi  - employee id: 3, name: username3, age: 23
[main] WARN  employeedb.EmployeeHibernateApi  - employee id: 2, name: username2, age: 22
[main] WARN  employeedb.EmployeeHibernateApi  - employee id: 1, name: username1, age: 21
[main] WARN  employeedb.EmployeeHibernateApi  - employee id: 0, name: username0, age: 20
[main] WARN  org.hibernate.orm.connections.pooling  - HHH10001002: Using Hibernate built-in connection pool (not for production use!)
[main] WARN  employeedb.EmployeeHibernateApi  - employee id: 4, name: username4, age: 24
[main] WARN  employeedb.EmployeeHibernateApi  - employee id: 3, name: username3, age: 23
[main] WARN  employeedb.EmployeeHibernateApi  - employee id: 2, name: username2, age: 22
[main] WARN  employeedb.EmployeeHibernateApi  - employee id: 1, name: username1, age: 21
[main] WARN  employeedb.EmployeeHibernateApi  - employee id: 0, name: username0, age: 20
[main] WARN  org.hibernate.orm.connections.pooling  - HHH10001002: Using Hibernate built-in connection pool (not for production use!)
[main] WARN  employeedb.EmployeeHibernateApi  - employee id: 4, name: username4, age: 24
[main] WARN  employeedb.EmployeeHibernateApi  - employee id: 3, name: username3, age: 23
[main] WARN  employeedb.EmployeeHibernateApi  - employee id: 2, name: username2, age: 22
[main] WARN  employeedb.EmployeeHibernateApi  - employee id: 0, name: username0, age: 20
[main] WARN  employeedb.EmployeeHibernateApi  - employee id: 1, name: username1, age: 21
[main] WARN  org.hibernate.orm.connections.pooling  - HHH10001002: Using Hibernate built-in connection pool (not for production use!)
[main] WARN  employeedb.EmployeeHibernateApi  - employee id: 0, name: username0, age: 20
[main] WARN  employeedb.EmployeeHibernateApi  - employee id: 1, name: username1, age: 21
[main] WARN  employeedb.EmployeeHibernateApi  - employee id: 2, name: username2, age: 22
[main] WARN  employeedb.EmployeeHibernateApi  - employee id: 3, name: username3, age: 23
[main] WARN  employeedb.EmployeeHibernateApi  - employee id: 4, name: username4, age: 24
